0:0:0:0:0:0:0:1 -  -  [22/Mai/2013:00:35:03 +0000] "GET /SteelBox4/login.faces HTTP/1.1" 200 4724 
0:0:0:0:0:0:0:1 -  -  [22/Mai/2013:00:35:04 +0000] "GET /SteelBox4/javax.faces.resource/theme.css.faces?ln=primefaces-bootstrap HTTP/1.1" 304 0 
0:0:0:0:0:0:0:1 -  -  [22/Mai/2013:00:35:04 +0000] "GET /SteelBox4/javax.faces.resource/primefaces.css.faces?ln=primefaces HTTP/1.1" 304 0 
0:0:0:0:0:0:0:1 -  -  [22/Mai/2013:00:35:04 +0000] "GET /SteelBox4/javax.faces.resource/layout/layout.css.faces?ln=primefaces HTTP/1.1" 304 0 
0:0:0:0:0:0:0:1 -  -  [22/Mai/2013:00:35:04 +0000] "GET /SteelBox4/javax.faces.resource/jquery/jquery.js.faces?ln=primefaces HTTP/1.1" 304 0 
0:0:0:0:0:0:0:1 -  -  [22/Mai/2013:00:35:04 +0000] "GET /SteelBox4/javax.faces.resource/primefaces.js.faces?ln=primefaces HTTP/1.1" 304 0 
0:0:0:0:0:0:0:1 -  -  [22/Mai/2013:00:35:04 +0000] "GET /SteelBox4/javax.faces.resource/jquery/jquery-plugins.js.faces?ln=primefaces HTTP/1.1" 304 0 
0:0:0:0:0:0:0:1 -  -  [22/Mai/2013:00:35:04 +0000] "GET /SteelBox4/javax.faces.resource/layout/layout.js.faces?ln=primefaces HTTP/1.1" 304 0 
0:0:0:0:0:0:0:1 -  -  [22/Mai/2013:00:35:04 +0000] "GET /SteelBox4/javax.faces.resource/js/main.js.faces HTTP/1.1" 200 3931 
0:0:0:0:0:0:0:1 -  -  [22/Mai/2013:00:35:04 +0000] "GET /SteelBox4/javax.faces.resource/locale-primefaces.js.faces?ln=js HTTP/1.1" 200 1511 
0:0:0:0:0:0:0:1 -  -  [22/Mai/2013:00:35:04 +0000] "GET /SteelBox4/javax.faces.resource/shortcut.js.faces?ln=js HTTP/1.1" 200 5793 
0:0:0:0:0:0:0:1 -  -  [22/Mai/2013:00:35:04 +0000] "GET /SteelBox4/javax.faces.resource/css/bootstrap.css.faces HTTP/1.1" 200 7020 
0:0:0:0:0:0:0:1 -  -  [22/Mai/2013:00:35:04 +0000] "GET /SteelBox4/javax.faces.resource/css/bootstrap-responsive.css.faces HTTP/1.1" 200 16553 
0:0:0:0:0:0:0:1 -  -  [22/Mai/2013:00:35:04 +0000] "GET /SteelBox4/javax.faces.resource/css/icsw2_16.css.faces HTTP/1.1" 200 13815 
0:0:0:0:0:0:0:1 -  -  [22/Mai/2013:00:35:04 +0000] "GET /SteelBox4/javax.faces.resource/css/beoro.css.faces HTTP/1.1" 200 52091 
0:0:0:0:0:0:0:1 -  -  [22/Mai/2013:00:35:04 +0000] "GET /SteelBox4/javax.faces.resource/css/main.css.faces HTTP/1.1" 200 9296 
0:0:0:0:0:0:0:1 -  -  [22/Mai/2013:00:35:05 +0000] "GET /SteelBox4/javax.faces.resource/images/ui-icons_333333_256x240.png.faces?ln=primefaces-bootstrap HTTP/1.1" 304 0 
0:0:0:0:0:0:0:1 -  -  [22/Mai/2013:00:35:05 +0000] "GET /SteelBox4/javax.faces.resource/img/logo.png.faces HTTP/1.1" 200 6152 
0:0:0:0:0:0:0:1 -  -  [22/Mai/2013:00:35:05 +0000] "GET /SteelBox4/javax.faces.resource/icons/environment/development.gif.faces?ln= HTTP/1.1" 200 1589 
0:0:0:0:0:0:0:1 -  -  [22/Mai/2013:00:35:05 +0000] "GET /SteelBox4/javax.faces.resource/img/icsw2_16.png.faces?ln= HTTP/1.1" 200 23662 
0:0:0:0:0:0:0:1 -  -  [22/Mai/2013:00:35:10 +0000] "POST /SteelBox4/logincheck.faces HTTP/1.1" 302 0 
0:0:0:0:0:0:0:1 -  -  [22/Mai/2013:00:35:10 +0000] "GET /SteelBox4/home.faces HTTP/1.1" 200 5557 
0:0:0:0:0:0:0:1 -  -  [22/Mai/2013:00:35:10 +0000] "GET /SteelBox4/javax.faces.resource/theme.css.faces?ln=primefaces-bootstrap HTTP/1.1" 304 0 
0:0:0:0:0:0:0:1 -  -  [22/Mai/2013:00:35:10 +0000] "GET /SteelBox4/javax.faces.resource/css/bootstrap.css.faces HTTP/1.1" 200 7020 
0:0:0:0:0:0:0:1 -  -  [22/Mai/2013:00:35:10 +0000] "GET /SteelBox4/javax.faces.resource/css/bootstrap-responsive.css.faces HTTP/1.1" 200 16553 
0:0:0:0:0:0:0:1 -  -  [22/Mai/2013:00:35:10 +0000] "GET /SteelBox4/javax.faces.resource/css/beoro.css.faces HTTP/1.1" 200 52091 
0:0:0:0:0:0:0:1 -  -  [22/Mai/2013:00:35:10 +0000] "GET /SteelBox4/javax.faces.resource/jquery/jquery.js.faces?ln=primefaces HTTP/1.1" 304 0 
0:0:0:0:0:0:0:1 -  -  [22/Mai/2013:00:35:10 +0000] "GET /SteelBox4/javax.faces.resource/layout/layout.css.faces?ln=primefaces HTTP/1.1" 304 0 
0:0:0:0:0:0:0:1 -  -  [22/Mai/2013:00:35:10 +0000] "GET /SteelBox4/javax.faces.resource/primefaces.css.faces?ln=primefaces HTTP/1.1" 304 0 
0:0:0:0:0:0:0:1 -  -  [22/Mai/2013:00:35:10 +0000] "GET /SteelBox4/javax.faces.resource/jquery/jquery-plugins.js.faces?ln=primefaces HTTP/1.1" 304 0 
0:0:0:0:0:0:0:1 -  -  [22/Mai/2013:00:35:10 +0000] "GET /SteelBox4/javax.faces.resource/layout/layout.js.faces?ln=primefaces HTTP/1.1" 304 0 
0:0:0:0:0:0:0:1 -  -  [22/Mai/2013:00:35:10 +0000] "GET /SteelBox4/javax.faces.resource/primefaces.js.faces?ln=primefaces HTTP/1.1" 304 0 
0:0:0:0:0:0:0:1 -  -  [22/Mai/2013:00:35:10 +0000] "GET /SteelBox4/javax.faces.resource/js/main.js.faces HTTP/1.1" 200 3931 
0:0:0:0:0:0:0:1 -  -  [22/Mai/2013:00:35:10 +0000] "GET /SteelBox4/javax.faces.resource/locale-primefaces.js.faces?ln=js HTTP/1.1" 200 1511 
0:0:0:0:0:0:0:1 -  -  [22/Mai/2013:00:35:10 +0000] "GET /SteelBox4/javax.faces.resource/shortcut.js.faces?ln=js HTTP/1.1" 200 5793 
0:0:0:0:0:0:0:1 -  -  [22/Mai/2013:00:35:10 +0000] "GET /SteelBox4/javax.faces.resource/css/main.css.faces HTTP/1.1" 200 9296 
0:0:0:0:0:0:0:1 -  -  [22/Mai/2013:00:35:10 +0000] "GET /SteelBox4/javax.faces.resource/css/icsw2_16.css.faces HTTP/1.1" 200 13815 
0:0:0:0:0:0:0:1 -  -  [22/Mai/2013:00:35:10 +0000] "GET /SteelBox4/javax.faces.resource/jsf.js.faces?ln=javax.faces&stage=Development HTTP/1.1" 304 0 
0:0:0:0:0:0:0:1 -  -  [22/Mai/2013:00:35:10 +0000] "GET /SteelBox4/javax.faces.resource/img/avatar.png.faces HTTP/1.1" 200 5478 
0:0:0:0:0:0:0:1 -  -  [22/Mai/2013:00:35:10 +0000] "GET /SteelBox4/javax.faces.resource/images/ui-icons_333333_256x240.png.faces?ln=primefaces-bootstrap HTTP/1.1" 304 0 
0:0:0:0:0:0:0:1 -  -  [22/Mai/2013:00:35:10 +0000] "GET /SteelBox4/javax.faces.resource/icons/environment/development.gif.faces?ln= HTTP/1.1" 200 1589 
0:0:0:0:0:0:0:1 -  -  [22/Mai/2013:00:35:10 +0000] "GET /SteelBox4/javax.faces.resource/img/logo.png.faces HTTP/1.1" 200 6152 
0:0:0:0:0:0:0:1 -  -  [22/Mai/2013:00:35:10 +0000] "GET /SteelBox4/javax.faces.resource/img/icsw2_16.png.faces?ln= HTTP/1.1" 200 23662 
0:0:0:0:0:0:0:1 -  -  [22/Mai/2013:00:35:15 +0000] "POST /SteelBox4/home.faces HTTP/1.1" 200 149 
0:0:0:0:0:0:0:1 -  -  [22/Mai/2013:00:35:15 +0000] "GET /SteelBox4/domain/agendaSelect.faces?_cid=1c1 HTTP/1.1" 200 7162 
0:0:0:0:0:0:0:1 -  -  [22/Mai/2013:00:35:15 +0000] "GET /SteelBox4/javax.faces.resource/css/bootstrap.css.faces HTTP/1.1" 200 7020 
0:0:0:0:0:0:0:1 -  -  [22/Mai/2013:00:35:15 +0000] "GET /SteelBox4/javax.faces.resource/theme.css.faces?ln=primefaces-bootstrap HTTP/1.1" 304 0 
0:0:0:0:0:0:0:1 -  -  [22/Mai/2013:00:35:15 +0000] "GET /SteelBox4/javax.faces.resource/primefaces.css.faces?ln=primefaces HTTP/1.1" 304 0 
0:0:0:0:0:0:0:1 -  -  [22/Mai/2013:00:35:15 +0000] "GET /SteelBox4/javax.faces.resource/layout/layout.css.faces?ln=primefaces HTTP/1.1" 304 0 
0:0:0:0:0:0:0:1 -  -  [22/Mai/2013:00:35:15 +0000] "GET /SteelBox4/javax.faces.resource/css/bootstrap-responsive.css.faces HTTP/1.1" 200 16553 
0:0:0:0:0:0:0:1 -  -  [22/Mai/2013:00:35:15 +0000] "GET /SteelBox4/javax.faces.resource/css/beoro.css.faces HTTP/1.1" 200 52091 
0:0:0:0:0:0:0:1 -  -  [22/Mai/2013:00:35:15 +0000] "GET /SteelBox4/javax.faces.resource/primefaces.js.faces?ln=primefaces HTTP/1.1" 304 0 
0:0:0:0:0:0:0:1 -  -  [22/Mai/2013:00:35:15 +0000] "GET /SteelBox4/javax.faces.resource/jquery/jquery.js.faces?ln=primefaces HTTP/1.1" 304 0 
0:0:0:0:0:0:0:1 -  -  [22/Mai/2013:00:35:15 +0000] "GET /SteelBox4/javax.faces.resource/jquery/jquery-plugins.js.faces?ln=primefaces HTTP/1.1" 304 0 
0:0:0:0:0:0:0:1 -  -  [22/Mai/2013:00:35:15 +0000] "GET /SteelBox4/javax.faces.resource/layout/layout.js.faces?ln=primefaces HTTP/1.1" 304 0 
0:0:0:0:0:0:0:1 -  -  [22/Mai/2013:00:35:15 +0000] "GET /SteelBox4/javax.faces.resource/js/main.js.faces HTTP/1.1" 200 3931 
0:0:0:0:0:0:0:1 -  -  [22/Mai/2013:00:35:15 +0000] "GET /SteelBox4/javax.faces.resource/locale-primefaces.js.faces?ln=js HTTP/1.1" 200 1511 
0:0:0:0:0:0:0:1 -  -  [22/Mai/2013:00:35:15 +0000] "GET /SteelBox4/javax.faces.resource/shortcut.js.faces?ln=js HTTP/1.1" 200 5793 
0:0:0:0:0:0:0:1 -  -  [22/Mai/2013:00:35:15 +0000] "GET /SteelBox4/javax.faces.resource/css/main.css.faces HTTP/1.1" 200 9296 
0:0:0:0:0:0:0:1 -  -  [22/Mai/2013:00:35:15 +0000] "GET /SteelBox4/javax.faces.resource/css/icsw2_16.css.faces HTTP/1.1" 200 13815 
0:0:0:0:0:0:0:1 -  -  [22/Mai/2013:00:35:15 +0000] "GET /SteelBox4/javax.faces.resource/jsf.js.faces?ln=javax.faces&stage=Development HTTP/1.1" 304 0 
0:0:0:0:0:0:0:1 -  -  [22/Mai/2013:00:35:15 +0000] "GET /SteelBox4/javax.faces.resource/icons/csv.png.faces HTTP/1.1" 200 3310 
0:0:0:0:0:0:0:1 -  -  [22/Mai/2013:00:35:15 +0000] "GET /SteelBox4/javax.faces.resource/icons/xls.png.faces HTTP/1.1" 200 3518 
0:0:0:0:0:0:0:1 -  -  [22/Mai/2013:00:35:15 +0000] "GET /SteelBox4/javax.faces.resource/icons/ajaxloading.gif.faces HTTP/1.1" 200 1849 
0:0:0:0:0:0:0:1 -  -  [22/Mai/2013:00:35:15 +0000] "GET /SteelBox4/javax.faces.resource/icons/xml.png.faces HTTP/1.1" 200 3732 
0:0:0:0:0:0:0:1 -  -  [22/Mai/2013:00:35:15 +0000] "GET /SteelBox4/javax.faces.resource/icons/pdf.png.faces HTTP/1.1" 200 3197 
0:0:0:0:0:0:0:1 -  -  [22/Mai/2013:00:35:16 +0000] "GET /SteelBox4/javax.faces.resource/img/logo.png.faces HTTP/1.1" 200 6152 
0:0:0:0:0:0:0:1 -  -  [22/Mai/2013:00:35:16 +0000] "GET /SteelBox4/javax.faces.resource/img/avatar.png.faces HTTP/1.1" 200 5478 
0:0:0:0:0:0:0:1 -  -  [22/Mai/2013:00:35:16 +0000] "GET /SteelBox4/javax.faces.resource/images/ui-icons_333333_256x240.png.faces?ln=primefaces-bootstrap HTTP/1.1" 304 0 
0:0:0:0:0:0:0:1 -  -  [22/Mai/2013:00:35:16 +0000] "GET /SteelBox4/javax.faces.resource/img/icsw2_16.png.faces?ln= HTTP/1.1" 200 23662 
0:0:0:0:0:0:0:1 -  -  [22/Mai/2013:00:35:16 +0000] "GET /SteelBox4/javax.faces.resource/icons/excel.png.faces?ln= HTTP/1.1" 200 601 
0:0:0:0:0:0:0:1 -  -  [22/Mai/2013:00:35:16 +0000] "GET /SteelBox4/javax.faces.resource/icons/environment/development.gif.faces?ln= HTTP/1.1" 200 1589 
0:0:0:0:0:0:0:1 -  -  [22/Mai/2013:00:35:16 +0000] "GET /SteelBox4/javax.faces.resource/icons/pencil.png.faces?ln= HTTP/1.1" 200 450 
0:0:0:0:0:0:0:1 -  -  [22/Mai/2013:00:35:16 +0000] "GET /SteelBox4/javax.faces.resource/icons/cross.png.faces?ln= HTTP/1.1" 200 655 
0:0:0:0:0:0:0:1 -  -  [22/Mai/2013:00:35:16 +0000] "GET /SteelBox4/javax.faces.resource/icons/find.png.faces?ln= HTTP/1.1" 200 659 
0:0:0:0:0:0:0:1 -  -  [22/Mai/2013:00:35:16 +0000] "GET /SteelBox4/javax.faces.resource/icons/eye.png.faces?ln= HTTP/1.1" 200 750 
0:0:0:0:0:0:0:1 -  -  [22/Mai/2013:00:35:20 +0000] "POST /SteelBox4/domain/agendaSelect.faces HTTP/1.1" 302 0 
0:0:0:0:0:0:0:1 -  -  [22/Mai/2013:00:35:20 +0000] "GET /SteelBox4/home.faces HTTP/1.1" 200 5559 
0:0:0:0:0:0:0:1 -  -  [22/Mai/2013:00:35:20 +0000] "GET /SteelBox4/javax.faces.resource/css/bootstrap.css.faces HTTP/1.1" 200 7020 
0:0:0:0:0:0:0:1 -  -  [22/Mai/2013:00:35:20 +0000] "GET /SteelBox4/javax.faces.resource/css/bootstrap-responsive.css.faces HTTP/1.1" 200 16553 
0:0:0:0:0:0:0:1 -  -  [22/Mai/2013:00:35:20 +0000] "GET /SteelBox4/javax.faces.resource/primefaces.css.faces?ln=primefaces HTTP/1.1" 304 0 
0:0:0:0:0:0:0:1 -  -  [22/Mai/2013:00:35:20 +0000] "GET /SteelBox4/javax.faces.resource/layout/layout.css.faces?ln=primefaces HTTP/1.1" 304 0 
0:0:0:0:0:0:0:1 -  -  [22/Mai/2013:00:35:20 +0000] "GET /SteelBox4/javax.faces.resource/theme.css.faces?ln=primefaces-bootstrap HTTP/1.1" 304 0 
0:0:0:0:0:0:0:1 -  -  [22/Mai/2013:00:35:20 +0000] "GET /SteelBox4/javax.faces.resource/primefaces.js.faces?ln=primefaces HTTP/1.1" 304 0 
0:0:0:0:0:0:0:1 -  -  [22/Mai/2013:00:35:20 +0000] "GET /SteelBox4/javax.faces.resource/jquery/jquery.js.faces?ln=primefaces HTTP/1.1" 304 0 
0:0:0:0:0:0:0:1 -  -  [22/Mai/2013:00:35:20 +0000] "GET /SteelBox4/javax.faces.resource/layout/layout.js.faces?ln=primefaces HTTP/1.1" 304 0 
0:0:0:0:0:0:0:1 -  -  [22/Mai/2013:00:35:20 +0000] "GET /SteelBox4/javax.faces.resource/js/main.js.faces HTTP/1.1" 200 3931 
0:0:0:0:0:0:0:1 -  -  [22/Mai/2013:00:35:20 +0000] "GET /SteelBox4/javax.faces.resource/jquery/jquery-plugins.js.faces?ln=primefaces HTTP/1.1" 304 0 
0:0:0:0:0:0:0:1 -  -  [22/Mai/2013:00:35:20 +0000] "GET /SteelBox4/javax.faces.resource/shortcut.js.faces?ln=js HTTP/1.1" 200 5793 
0:0:0:0:0:0:0:1 -  -  [22/Mai/2013:00:35:20 +0000] "GET /SteelBox4/javax.faces.resource/locale-primefaces.js.faces?ln=js HTTP/1.1" 200 1511 
0:0:0:0:0:0:0:1 -  -  [22/Mai/2013:00:35:20 +0000] "GET /SteelBox4/javax.faces.resource/css/beoro.css.faces HTTP/1.1" 200 52091 
0:0:0:0:0:0:0:1 -  -  [22/Mai/2013:00:35:20 +0000] "GET /SteelBox4/javax.faces.resource/css/main.css.faces HTTP/1.1" 200 9296 
0:0:0:0:0:0:0:1 -  -  [22/Mai/2013:00:35:20 +0000] "GET /SteelBox4/javax.faces.resource/css/icsw2_16.css.faces HTTP/1.1" 200 13815 
0:0:0:0:0:0:0:1 -  -  [22/Mai/2013:00:35:20 +0000] "GET /SteelBox4/javax.faces.resource/jsf.js.faces?ln=javax.faces&stage=Development HTTP/1.1" 304 0 
0:0:0:0:0:0:0:1 -  -  [22/Mai/2013:00:35:21 +0000] "GET /SteelBox4/javax.faces.resource/images/ui-icons_333333_256x240.png.faces?ln=primefaces-bootstrap HTTP/1.1" 304 0 
0:0:0:0:0:0:0:1 -  -  [22/Mai/2013:00:35:21 +0000] "GET /SteelBox4/javax.faces.resource/img/logo.png.faces HTTP/1.1" 200 6152 
0:0:0:0:0:0:0:1 -  -  [22/Mai/2013:00:35:21 +0000] "GET /SteelBox4/javax.faces.resource/img/icsw2_16.png.faces?ln= HTTP/1.1" 200 23662 
0:0:0:0:0:0:0:1 -  -  [22/Mai/2013:00:35:21 +0000] "GET /SteelBox4/javax.faces.resource/icons/environment/development.gif.faces?ln= HTTP/1.1" 200 1589 
0:0:0:0:0:0:0:1 -  -  [22/Mai/2013:00:35:21 +0000] "GET /SteelBox4/javax.faces.resource/img/avatar.png.faces HTTP/1.1" 200 5478 
0:0:0:0:0:0:0:1 -  -  [22/Mai/2013:00:35:28 +0000] "POST /SteelBox4/home.faces HTTP/1.1" 200 149 
0:0:0:0:0:0:0:1 -  -  [22/Mai/2013:00:35:28 +0000] "GET /SteelBox4/domain/agendaSelect.faces?_cid=2c1 HTTP/1.1" 200 7163 
0:0:0:0:0:0:0:1 -  -  [22/Mai/2013:00:35:28 +0000] "GET /SteelBox4/javax.faces.resource/theme.css.faces?ln=primefaces-bootstrap HTTP/1.1" 304 0 
0:0:0:0:0:0:0:1 -  -  [22/Mai/2013:00:35:28 +0000] "GET /SteelBox4/javax.faces.resource/css/bootstrap-responsive.css.faces HTTP/1.1" 200 16553 
0:0:0:0:0:0:0:1 -  -  [22/Mai/2013:00:35:28 +0000] "GET /SteelBox4/javax.faces.resource/layout/layout.css.faces?ln=primefaces HTTP/1.1" 304 0 
0:0:0:0:0:0:0:1 -  -  [22/Mai/2013:00:35:28 +0000] "GET /SteelBox4/javax.faces.resource/css/bootstrap.css.faces HTTP/1.1" 200 7020 
0:0:0:0:0:0:0:1 -  -  [22/Mai/2013:00:35:28 +0000] "GET /SteelBox4/javax.faces.resource/css/beoro.css.faces HTTP/1.1" 200 52091 
0:0:0:0:0:0:0:1 -  -  [22/Mai/2013:00:35:28 +0000] "GET /SteelBox4/javax.faces.resource/jquery/jquery.js.faces?ln=primefaces HTTP/1.1" 304 0 
0:0:0:0:0:0:0:1 -  -  [22/Mai/2013:00:35:28 +0000] "GET /SteelBox4/javax.faces.resource/primefaces.css.faces?ln=primefaces HTTP/1.1" 304 0 
0:0:0:0:0:0:0:1 -  -  [22/Mai/2013:00:35:28 +0000] "GET /SteelBox4/javax.faces.resource/js/main.js.faces HTTP/1.1" 200 3931 
0:0:0:0:0:0:0:1 -  -  [22/Mai/2013:00:35:28 +0000] "GET /SteelBox4/javax.faces.resource/layout/layout.js.faces?ln=primefaces HTTP/1.1" 304 0 
0:0:0:0:0:0:0:1 -  -  [22/Mai/2013:00:35:28 +0000] "GET /SteelBox4/javax.faces.resource/primefaces.js.faces?ln=primefaces HTTP/1.1" 304 0 
0:0:0:0:0:0:0:1 -  -  [22/Mai/2013:00:35:28 +0000] "GET /SteelBox4/javax.faces.resource/locale-primefaces.js.faces?ln=js HTTP/1.1" 200 1511 
0:0:0:0:0:0:0:1 -  -  [22/Mai/2013:00:35:28 +0000] "GET /SteelBox4/javax.faces.resource/jquery/jquery-plugins.js.faces?ln=primefaces HTTP/1.1" 304 0 
0:0:0:0:0:0:0:1 -  -  [22/Mai/2013:00:35:28 +0000] "GET /SteelBox4/javax.faces.resource/shortcut.js.faces?ln=js HTTP/1.1" 200 5793 
0:0:0:0:0:0:0:1 -  -  [22/Mai/2013:00:35:28 +0000] "GET /SteelBox4/javax.faces.resource/css/main.css.faces HTTP/1.1" 200 9296 
0:0:0:0:0:0:0:1 -  -  [22/Mai/2013:00:35:28 +0000] "GET /SteelBox4/javax.faces.resource/css/icsw2_16.css.faces HTTP/1.1" 200 13815 
0:0:0:0:0:0:0:1 -  -  [22/Mai/2013:00:35:28 +0000] "GET /SteelBox4/javax.faces.resource/jsf.js.faces?ln=javax.faces&stage=Development HTTP/1.1" 304 0 
0:0:0:0:0:0:0:1 -  -  [22/Mai/2013:00:35:29 +0000] "GET /SteelBox4/javax.faces.resource/img/logo.png.faces HTTP/1.1" 200 6152 
0:0:0:0:0:0:0:1 -  -  [22/Mai/2013:00:35:29 +0000] "GET /SteelBox4/javax.faces.resource/icons/xls.png.faces HTTP/1.1" 200 3518 
0:0:0:0:0:0:0:1 -  -  [22/Mai/2013:00:35:29 +0000] "GET /SteelBox4/javax.faces.resource/icons/pdf.png.faces HTTP/1.1" 200 3197 
0:0:0:0:0:0:0:1 -  -  [22/Mai/2013:00:35:29 +0000] "GET /SteelBox4/javax.faces.resource/img/avatar.png.faces HTTP/1.1" 200 5478 
0:0:0:0:0:0:0:1 -  -  [22/Mai/2013:00:35:29 +0000] "GET /SteelBox4/javax.faces.resource/icons/xml.png.faces HTTP/1.1" 200 3732 
0:0:0:0:0:0:0:1 -  -  [22/Mai/2013:00:35:29 +0000] "GET /SteelBox4/javax.faces.resource/icons/csv.png.faces HTTP/1.1" 200 3310 
0:0:0:0:0:0:0:1 -  -  [22/Mai/2013:00:35:29 +0000] "GET /SteelBox4/javax.faces.resource/icons/ajaxloading.gif.faces HTTP/1.1" 200 1849 
0:0:0:0:0:0:0:1 -  -  [22/Mai/2013:00:35:29 +0000] "GET /SteelBox4/javax.faces.resource/icons/environment/development.gif.faces?ln= HTTP/1.1" 200 1589 
0:0:0:0:0:0:0:1 -  -  [22/Mai/2013:00:35:29 +0000] "GET /SteelBox4/javax.faces.resource/img/icsw2_16.png.faces?ln= HTTP/1.1" 200 23662 
0:0:0:0:0:0:0:1 -  -  [22/Mai/2013:00:35:29 +0000] "GET /SteelBox4/javax.faces.resource/images/ui-icons_333333_256x240.png.faces?ln=primefaces-bootstrap HTTP/1.1" 304 0 
0:0:0:0:0:0:0:1 -  -  [22/Mai/2013:00:35:29 +0000] "GET /SteelBox4/javax.faces.resource/icons/find.png.faces?ln= HTTP/1.1" 200 659 
0:0:0:0:0:0:0:1 -  -  [22/Mai/2013:00:35:29 +0000] "GET /SteelBox4/javax.faces.resource/icons/pencil.png.faces?ln= HTTP/1.1" 200 450 
0:0:0:0:0:0:0:1 -  -  [22/Mai/2013:00:35:29 +0000] "GET /SteelBox4/javax.faces.resource/icons/excel.png.faces?ln= HTTP/1.1" 200 601 
0:0:0:0:0:0:0:1 -  -  [22/Mai/2013:00:35:29 +0000] "GET /SteelBox4/javax.faces.resource/icons/cross.png.faces?ln= HTTP/1.1" 200 655 
0:0:0:0:0:0:0:1 -  -  [22/Mai/2013:00:35:29 +0000] "GET /SteelBox4/javax.faces.resource/icons/eye.png.faces?ln= HTTP/1.1" 200 750 
0:0:0:0:0:0:0:1 -  -  [22/Mai/2013:00:35:32 +0000] "POST /SteelBox4/domain/agendaSelect.faces HTTP/1.1" 302 0 
0:0:0:0:0:0:0:1 -  -  [22/Mai/2013:00:35:32 +0000] "GET /SteelBox4/home.faces HTTP/1.1" 200 5559 
0:0:0:0:0:0:0:1 -  -  [22/Mai/2013:00:35:33 +0000] "GET /SteelBox4/javax.faces.resource/theme.css.faces?ln=primefaces-bootstrap HTTP/1.1" 304 0 
0:0:0:0:0:0:0:1 -  -  [22/Mai/2013:00:35:33 +0000] "GET /SteelBox4/javax.faces.resource/css/bootstrap.css.faces HTTP/1.1" 200 7020 
0:0:0:0:0:0:0:1 -  -  [22/Mai/2013:00:35:33 +0000] "GET /SteelBox4/javax.faces.resource/css/bootstrap-responsive.css.faces HTTP/1.1" 200 16553 
0:0:0:0:0:0:0:1 -  -  [22/Mai/2013:00:35:33 +0000] "GET /SteelBox4/javax.faces.resource/primefaces.css.faces?ln=primefaces HTTP/1.1" 304 0 
0:0:0:0:0:0:0:1 -  -  [22/Mai/2013:00:35:33 +0000] "GET /SteelBox4/javax.faces.resource/primefaces.js.faces?ln=primefaces HTTP/1.1" 304 0 
0:0:0:0:0:0:0:1 -  -  [22/Mai/2013:00:35:33 +0000] "GET /SteelBox4/javax.faces.resource/layout/layout.css.faces?ln=primefaces HTTP/1.1" 304 0 
0:0:0:0:0:0:0:1 -  -  [22/Mai/2013:00:35:33 +0000] "GET /SteelBox4/javax.faces.resource/jquery/jquery.js.faces?ln=primefaces HTTP/1.1" 304 0 
0:0:0:0:0:0:0:1 -  -  [22/Mai/2013:00:35:33 +0000] "GET /SteelBox4/javax.faces.resource/jquery/jquery-plugins.js.faces?ln=primefaces HTTP/1.1" 304 0 
0:0:0:0:0:0:0:1 -  -  [22/Mai/2013:00:35:33 +0000] "GET /SteelBox4/javax.faces.resource/layout/layout.js.faces?ln=primefaces HTTP/1.1" 304 0 
0:0:0:0:0:0:0:1 -  -  [22/Mai/2013:00:35:33 +0000] "GET /SteelBox4/javax.faces.resource/css/beoro.css.faces HTTP/1.1" 200 52091 
0:0:0:0:0:0:0:1 -  -  [22/Mai/2013:00:35:33 +0000] "GET /SteelBox4/javax.faces.resource/js/main.js.faces HTTP/1.1" 200 3931 
0:0:0:0:0:0:0:1 -  -  [22/Mai/2013:00:35:33 +0000] "GET /SteelBox4/javax.faces.resource/locale-primefaces.js.faces?ln=js HTTP/1.1" 200 1511 
0:0:0:0:0:0:0:1 -  -  [22/Mai/2013:00:35:33 +0000] "GET /SteelBox4/javax.faces.resource/shortcut.js.faces?ln=js HTTP/1.1" 200 5793 
0:0:0:0:0:0:0:1 -  -  [22/Mai/2013:00:35:33 +0000] "GET /SteelBox4/javax.faces.resource/css/main.css.faces HTTP/1.1" 200 9296 
0:0:0:0:0:0:0:1 -  -  [22/Mai/2013:00:35:33 +0000] "GET /SteelBox4/javax.faces.resource/css/icsw2_16.css.faces HTTP/1.1" 200 13815 
0:0:0:0:0:0:0:1 -  -  [22/Mai/2013:00:35:33 +0000] "GET /SteelBox4/javax.faces.resource/jsf.js.faces?ln=javax.faces&stage=Development HTTP/1.1" 304 0 
0:0:0:0:0:0:0:1 -  -  [22/Mai/2013:00:35:33 +0000] "GET /SteelBox4/javax.faces.resource/images/ui-icons_333333_256x240.png.faces?ln=primefaces-bootstrap HTTP/1.1" 304 0 
0:0:0:0:0:0:0:1 -  -  [22/Mai/2013:00:35:33 +0000] "GET /SteelBox4/javax.faces.resource/img/avatar.png.faces HTTP/1.1" 200 5478 
0:0:0:0:0:0:0:1 -  -  [22/Mai/2013:00:35:33 +0000] "GET /SteelBox4/javax.faces.resource/img/logo.png.faces HTTP/1.1" 200 6152 
0:0:0:0:0:0:0:1 -  -  [22/Mai/2013:00:35:33 +0000] "GET /SteelBox4/javax.faces.resource/icons/environment/development.gif.faces?ln= HTTP/1.1" 200 1589 
0:0:0:0:0:0:0:1 -  -  [22/Mai/2013:00:35:33 +0000] "GET /SteelBox4/javax.faces.resource/img/icsw2_16.png.faces?ln= HTTP/1.1" 200 23662 
0:0:0:0:0:0:0:1 -  -  [22/Mai/2013:00:35:37 +0000] "POST /SteelBox4/home.faces HTTP/1.1" 200 149 
0:0:0:0:0:0:0:1 -  -  [22/Mai/2013:00:35:37 +0000] "GET /SteelBox4/domain/agendaSelect.faces?_cid=3c1 HTTP/1.1" 200 7165 
0:0:0:0:0:0:0:1 -  -  [22/Mai/2013:00:35:37 +0000] "GET /SteelBox4/javax.faces.resource/theme.css.faces?ln=primefaces-bootstrap HTTP/1.1" 304 0 
0:0:0:0:0:0:0:1 -  -  [22/Mai/2013:00:35:37 +0000] "GET /SteelBox4/javax.faces.resource/css/bootstrap-responsive.css.faces HTTP/1.1" 200 16553 
0:0:0:0:0:0:0:1 -  -  [22/Mai/2013:00:35:37 +0000] "GET /SteelBox4/javax.faces.resource/layout/layout.css.faces?ln=primefaces HTTP/1.1" 304 0 
0:0:0:0:0:0:0:1 -  -  [22/Mai/2013:00:35:37 +0000] "GET /SteelBox4/javax.faces.resource/css/bootstrap.css.faces HTTP/1.1" 200 7020 
0:0:0:0:0:0:0:1 -  -  [22/Mai/2013:00:35:37 +0000] "GET /SteelBox4/javax.faces.resource/primefaces.js.faces?ln=primefaces HTTP/1.1" 304 0 
0:0:0:0:0:0:0:1 -  -  [22/Mai/2013:00:35:37 +0000] "GET /SteelBox4/javax.faces.resource/jquery/jquery.js.faces?ln=primefaces HTTP/1.1" 304 0 
0:0:0:0:0:0:0:1 -  -  [22/Mai/2013:00:35:37 +0000] "GET /SteelBox4/javax.faces.resource/jquery/jquery-plugins.js.faces?ln=primefaces HTTP/1.1" 304 0 
0:0:0:0:0:0:0:1 -  -  [22/Mai/2013:00:35:37 +0000] "GET /SteelBox4/javax.faces.resource/primefaces.css.faces?ln=primefaces HTTP/1.1" 304 0 
0:0:0:0:0:0:0:1 -  -  [22/Mai/2013:00:35:37 +0000] "GET /SteelBox4/javax.faces.resource/layout/layout.js.faces?ln=primefaces HTTP/1.1" 304 0 
0:0:0:0:0:0:0:1 -  -  [22/Mai/2013:00:35:37 +0000] "GET /SteelBox4/javax.faces.resource/css/beoro.css.faces HTTP/1.1" 200 52091 
0:0:0:0:0:0:0:1 -  -  [22/Mai/2013:00:35:37 +0000] "GET /SteelBox4/javax.faces.resource/js/main.js.faces HTTP/1.1" 200 3931 
0:0:0:0:0:0:0:1 -  -  [22/Mai/2013:00:35:37 +0000] "GET /SteelBox4/javax.faces.resource/locale-primefaces.js.faces?ln=js HTTP/1.1" 200 1511 
0:0:0:0:0:0:0:1 -  -  [22/Mai/2013:00:35:37 +0000] "GET /SteelBox4/javax.faces.resource/shortcut.js.faces?ln=js HTTP/1.1" 200 5793 
0:0:0:0:0:0:0:1 -  -  [22/Mai/2013:00:35:37 +0000] "GET /SteelBox4/javax.faces.resource/css/main.css.faces HTTP/1.1" 200 9296 
0:0:0:0:0:0:0:1 -  -  [22/Mai/2013:00:35:37 +0000] "GET /SteelBox4/javax.faces.resource/css/icsw2_16.css.faces HTTP/1.1" 200 13815 
0:0:0:0:0:0:0:1 -  -  [22/Mai/2013:00:35:37 +0000] "GET /SteelBox4/javax.faces.resource/jsf.js.faces?ln=javax.faces&stage=Development HTTP/1.1" 304 0 
0:0:0:0:0:0:0:1 -  -  [22/Mai/2013:00:35:38 +0000] "GET /SteelBox4/javax.faces.resource/img/avatar.png.faces HTTP/1.1" 200 5478 
0:0:0:0:0:0:0:1 -  -  [22/Mai/2013:00:35:38 +0000] "GET /SteelBox4/javax.faces.resource/icons/ajaxloading.gif.faces HTTP/1.1" 200 1849 
0:0:0:0:0:0:0:1 -  -  [22/Mai/2013:00:35:38 +0000] "GET /SteelBox4/javax.faces.resource/img/logo.png.faces HTTP/1.1" 200 6152 
0:0:0:0:0:0:0:1 -  -  [22/Mai/2013:00:35:38 +0000] "GET /SteelBox4/javax.faces.resource/images/ui-icons_333333_256x240.png.faces?ln=primefaces-bootstrap HTTP/1.1" 304 0 
0:0:0:0:0:0:0:1 -  -  [22/Mai/2013:00:35:38 +0000] "GET /SteelBox4/javax.faces.resource/icons/environment/development.gif.faces?ln= HTTP/1.1" 200 1589 
0:0:0:0:0:0:0:1 -  -  [22/Mai/2013:00:35:38 +0000] "GET /SteelBox4/javax.faces.resource/img/icsw2_16.png.faces?ln= HTTP/1.1" 200 23662 
0:0:0:0:0:0:0:1 -  -  [22/Mai/2013:00:35:38 +0000] "GET /SteelBox4/javax.faces.resource/icons/excel.png.faces?ln= HTTP/1.1" 200 601 
0:0:0:0:0:0:0:1 -  -  [22/Mai/2013:00:35:38 +0000] "GET /SteelBox4/javax.faces.resource/icons/pencil.png.faces?ln= HTTP/1.1" 200 450 
0:0:0:0:0:0:0:1 -  -  [22/Mai/2013:00:35:38 +0000] "GET /SteelBox4/javax.faces.resource/icons/cross.png.faces?ln= HTTP/1.1" 200 655 
0:0:0:0:0:0:0:1 -  -  [22/Mai/2013:00:35:38 +0000] "GET /SteelBox4/javax.faces.resource/icons/find.png.faces?ln= HTTP/1.1" 200 659 
0:0:0:0:0:0:0:1 -  -  [22/Mai/2013:00:35:38 +0000] "GET /SteelBox4/javax.faces.resource/icons/eye.png.faces?ln= HTTP/1.1" 200 750 
0:0:0:0:0:0:0:1 -  -  [22/Mai/2013:00:35:38 +0000] "GET /SteelBox4/javax.faces.resource/icons/csv.png.faces HTTP/1.1" 200 3310 
0:0:0:0:0:0:0:1 -  -  [22/Mai/2013:00:35:38 +0000] "GET /SteelBox4/javax.faces.resource/icons/xml.png.faces HTTP/1.1" 200 3732 
0:0:0:0:0:0:0:1 -  -  [22/Mai/2013:00:35:38 +0000] "GET /SteelBox4/javax.faces.resource/icons/xls.png.faces HTTP/1.1" 200 3518 
0:0:0:0:0:0:0:1 -  -  [22/Mai/2013:00:35:38 +0000] "GET /SteelBox4/javax.faces.resource/icons/pdf.png.faces HTTP/1.1" 200 3197 
0:0:0:0:0:0:0:1 -  -  [22/Mai/2013:00:35:39 +0000] "POST /SteelBox4/domain/agendaSelect.faces HTTP/1.1" 200 147 
0:0:0:0:0:0:0:1 -  -  [22/Mai/2013:00:35:39 +0000] "GET /SteelBox4/domain/agendaEdit.faces?_cid=3c2 HTTP/1.1" 200 6364 
0:0:0:0:0:0:0:1 -  -  [22/Mai/2013:00:35:39 +0000] "GET /SteelBox4/javax.faces.resource/theme.css.faces?ln=primefaces-bootstrap HTTP/1.1" 304 0 
0:0:0:0:0:0:0:1 -  -  [22/Mai/2013:00:35:39 +0000] "GET /SteelBox4/javax.faces.resource/css/bootstrap.css.faces HTTP/1.1" 200 7020 
0:0:0:0:0:0:0:1 -  -  [22/Mai/2013:00:35:39 +0000] "GET /SteelBox4/javax.faces.resource/css/bootstrap-responsive.css.faces HTTP/1.1" 200 16553 
0:0:0:0:0:0:0:1 -  -  [22/Mai/2013:00:35:39 +0000] "GET /SteelBox4/javax.faces.resource/fileupload/fileupload.css.faces?ln=primefaces HTTP/1.1" 304 0 
0:0:0:0:0:0:0:1 -  -  [22/Mai/2013:00:35:39 +0000] "GET /SteelBox4/javax.faces.resource/primefaces.css.faces?ln=primefaces HTTP/1.1" 304 0 
0:0:0:0:0:0:0:1 -  -  [22/Mai/2013:00:35:39 +0000] "GET /SteelBox4/javax.faces.resource/layout/layout.css.faces?ln=primefaces HTTP/1.1" 304 0 
0:0:0:0:0:0:0:1 -  -  [22/Mai/2013:00:35:39 +0000] "GET /SteelBox4/javax.faces.resource/primefaces.js.faces?ln=primefaces HTTP/1.1" 304 0 
0:0:0:0:0:0:0:1 -  -  [22/Mai/2013:00:35:39 +0000] "GET /SteelBox4/javax.faces.resource/css/beoro.css.faces HTTP/1.1" 200 52091 
0:0:0:0:0:0:0:1 -  -  [22/Mai/2013:00:35:39 +0000] "GET /SteelBox4/javax.faces.resource/jquery/jquery.js.faces?ln=primefaces HTTP/1.1" 304 0 
0:0:0:0:0:0:0:1 -  -  [22/Mai/2013:00:35:39 +0000] "GET /SteelBox4/javax.faces.resource/jquery/jquery-plugins.js.faces?ln=primefaces HTTP/1.1" 304 0 
0:0:0:0:0:0:0:1 -  -  [22/Mai/2013:00:35:39 +0000] "GET /SteelBox4/javax.faces.resource/fileupload/fileupload.js.faces?ln=primefaces HTTP/1.1" 304 0 
0:0:0:0:0:0:0:1 -  -  [22/Mai/2013:00:35:39 +0000] "GET /SteelBox4/javax.faces.resource/js/main.js.faces HTTP/1.1" 200 3931 
0:0:0:0:0:0:0:1 -  -  [22/Mai/2013:00:35:39 +0000] "GET /SteelBox4/javax.faces.resource/layout/layout.js.faces?ln=primefaces HTTP/1.1" 304 0 
0:0:0:0:0:0:0:1 -  -  [22/Mai/2013:00:35:39 +0000] "GET /SteelBox4/javax.faces.resource/locale-primefaces.js.faces?ln=js HTTP/1.1" 200 1511 
0:0:0:0:0:0:0:1 -  -  [22/Mai/2013:00:35:39 +0000] "GET /SteelBox4/javax.faces.resource/shortcut.js.faces?ln=js HTTP/1.1" 200 5793 
0:0:0:0:0:0:0:1 -  -  [22/Mai/2013:00:35:39 +0000] "GET /SteelBox4/javax.faces.resource/css/main.css.faces HTTP/1.1" 200 9296 
0:0:0:0:0:0:0:1 -  -  [22/Mai/2013:00:35:39 +0000] "GET /SteelBox4/javax.faces.resource/css/icsw2_16.css.faces HTTP/1.1" 200 13815 
0:0:0:0:0:0:0:1 -  -  [22/Mai/2013:00:35:39 +0000] "GET /SteelBox4/javax.faces.resource/jsf.js.faces?ln=javax.faces&stage=Development HTTP/1.1" 304 0 
0:0:0:0:0:0:0:1 -  -  [22/Mai/2013:00:35:40 +0000] "GET /SteelBox4/javax.faces.resource/img/logo.png.faces HTTP/1.1" 200 6152 
0:0:0:0:0:0:0:1 -  -  [22/Mai/2013:00:35:40 +0000] "GET /SteelBox4/javax.faces.resource/img/avatar.png.faces HTTP/1.1" 200 5478 
0:0:0:0:0:0:0:1 -  -  [22/Mai/2013:00:35:40 +0000] "GET /SteelBox4/javax.faces.resource/images/ui-icons_333333_256x240.png.faces?ln=primefaces-bootstrap HTTP/1.1" 304 0 
0:0:0:0:0:0:0:1 -  -  [22/Mai/2013:00:35:40 +0000] "GET /SteelBox4/javax.faces.resource/img/icsw2_16.png.faces?ln= HTTP/1.1" 200 23662 
0:0:0:0:0:0:0:1 -  -  [22/Mai/2013:00:35:40 +0000] "GET /SteelBox4/javax.faces.resource/icons/environment/development.gif.faces?ln= HTTP/1.1" 200 1589 
0:0:0:0:0:0:0:1 -  -  [22/Mai/2013:00:35:40 +0000] "GET /SteelBox4/javax.faces.resource/icons/xls.png.faces HTTP/1.1" 200 3518 
0:0:0:0:0:0:0:1 -  -  [22/Mai/2013:00:35:40 +0000] "GET /SteelBox4/javax.faces.resource/icons/xml.png.faces HTTP/1.1" 200 3732 
0:0:0:0:0:0:0:1 -  -  [22/Mai/2013:00:35:40 +0000] "GET /SteelBox4/javax.faces.resource/icons/pdf.png.faces HTTP/1.1" 200 3197 
0:0:0:0:0:0:0:1 -  -  [22/Mai/2013:00:35:40 +0000] "GET /SteelBox4/javax.faces.resource/icons/csv.png.faces HTTP/1.1" 200 3310 
0:0:0:0:0:0:0:1 -  -  [22/Mai/2013:00:35:45 +0000] "POST /SteelBox4/domain/agendaEdit.faces HTTP/1.1" 200 149 
0:0:0:0:0:0:0:1 -  -  [22/Mai/2013:00:35:45 +0000] "GET /SteelBox4/domain/agendaSelect.faces?_cid=3c1 HTTP/1.1" 200 7414 
0:0:0:0:0:0:0:1 -  -  [22/Mai/2013:00:35:45 +0000] "GET /SteelBox4/javax.faces.resource/theme.css.faces?ln=primefaces-bootstrap HTTP/1.1" 304 0 
0:0:0:0:0:0:0:1 -  -  [22/Mai/2013:00:35:45 +0000] "GET /SteelBox4/javax.faces.resource/primefaces.css.faces?ln=primefaces HTTP/1.1" 304 0 
0:0:0:0:0:0:0:1 -  -  [22/Mai/2013:00:35:45 +0000] "GET /SteelBox4/javax.faces.resource/layout/layout.css.faces?ln=primefaces HTTP/1.1" 304 0 
0:0:0:0:0:0:0:1 -  -  [22/Mai/2013:00:35:45 +0000] "GET /SteelBox4/javax.faces.resource/jquery/jquery.js.faces?ln=primefaces HTTP/1.1" 304 0 
0:0:0:0:0:0:0:1 -  -  [22/Mai/2013:00:35:45 +0000] "GET /SteelBox4/javax.faces.resource/css/bootstrap-responsive.css.faces HTTP/1.1" 200 16553 
0:0:0:0:0:0:0:1 -  -  [22/Mai/2013:00:35:45 +0000] "GET /SteelBox4/javax.faces.resource/css/bootstrap.css.faces HTTP/1.1" 200 7020 
0:0:0:0:0:0:0:1 -  -  [22/Mai/2013:00:35:45 +0000] "GET /SteelBox4/javax.faces.resource/layout/layout.js.faces?ln=primefaces HTTP/1.1" 304 0 
0:0:0:0:0:0:0:1 -  -  [22/Mai/2013:00:35:45 +0000] "GET /SteelBox4/javax.faces.resource/js/main.js.faces HTTP/1.1" 200 3931 
0:0:0:0:0:0:0:1 -  -  [22/Mai/2013:00:35:45 +0000] "GET /SteelBox4/javax.faces.resource/locale-primefaces.js.faces?ln=js HTTP/1.1" 200 1511 
0:0:0:0:0:0:0:1 -  -  [22/Mai/2013:00:35:45 +0000] "GET /SteelBox4/javax.faces.resource/shortcut.js.faces?ln=js HTTP/1.1" 200 5793 
0:0:0:0:0:0:0:1 -  -  [22/Mai/2013:00:35:45 +0000] "GET /SteelBox4/javax.faces.resource/jquery/jquery-plugins.js.faces?ln=primefaces HTTP/1.1" 304 0 
0:0:0:0:0:0:0:1 -  -  [22/Mai/2013:00:35:45 +0000] "GET /SteelBox4/javax.faces.resource/primefaces.js.faces?ln=primefaces HTTP/1.1" 304 0 
0:0:0:0:0:0:0:1 -  -  [22/Mai/2013:00:35:45 +0000] "GET /SteelBox4/javax.faces.resource/css/beoro.css.faces HTTP/1.1" 200 52091 
0:0:0:0:0:0:0:1 -  -  [22/Mai/2013:00:35:45 +0000] "GET /SteelBox4/javax.faces.resource/css/main.css.faces HTTP/1.1" 200 9296 
0:0:0:0:0:0:0:1 -  -  [22/Mai/2013:00:35:45 +0000] "GET /SteelBox4/javax.faces.resource/css/icsw2_16.css.faces HTTP/1.1" 200 13815 
0:0:0:0:0:0:0:1 -  -  [22/Mai/2013:00:35:45 +0000] "GET /SteelBox4/javax.faces.resource/jsf.js.faces?ln=javax.faces&stage=Development HTTP/1.1" 304 0 
0:0:0:0:0:0:0:1 -  -  [22/Mai/2013:00:35:46 +0000] "GET /SteelBox4/javax.faces.resource/img/logo.png.faces HTTP/1.1" 200 6152 
0:0:0:0:0:0:0:1 -  -  [22/Mai/2013:00:35:46 +0000] "GET /SteelBox4/javax.faces.resource/icons/xls.png.faces HTTP/1.1" 200 3518 
0:0:0:0:0:0:0:1 -  -  [22/Mai/2013:00:35:46 +0000] "GET /SteelBox4/javax.faces.resource/img/avatar.png.faces HTTP/1.1" 200 5478 
0:0:0:0:0:0:0:1 -  -  [22/Mai/2013:00:35:46 +0000] "GET /SteelBox4/javax.faces.resource/icons/pdf.png.faces HTTP/1.1" 200 3197 
0:0:0:0:0:0:0:1 -  -  [22/Mai/2013:00:35:46 +0000] "GET /SteelBox4/javax.faces.resource/icons/ajaxloading.gif.faces HTTP/1.1" 200 1849 
0:0:0:0:0:0:0:1 -  -  [22/Mai/2013:00:35:46 +0000] "GET /SteelBox4/javax.faces.resource/icons/xml.png.faces HTTP/1.1" 200 3732 
0:0:0:0:0:0:0:1 -  -  [22/Mai/2013:00:35:46 +0000] "GET /SteelBox4/javax.faces.resource/icons/csv.png.faces HTTP/1.1" 200 3310 
0:0:0:0:0:0:0:1 -  -  [22/Mai/2013:00:35:46 +0000] "GET /SteelBox4/javax.faces.resource/images/ui-icons_333333_256x240.png.faces?ln=primefaces-bootstrap HTTP/1.1" 304 0 
0:0:0:0:0:0:0:1 -  -  [22/Mai/2013:00:35:46 +0000] "GET /SteelBox4/javax.faces.resource/icons/excel.png.faces?ln= HTTP/1.1" 200 601 
0:0:0:0:0:0:0:1 -  -  [22/Mai/2013:00:35:46 +0000] "GET /SteelBox4/javax.faces.resource/icons/find.png.faces?ln= HTTP/1.1" 200 659 
0:0:0:0:0:0:0:1 -  -  [22/Mai/2013:00:35:46 +0000] "GET /SteelBox4/javax.faces.resource/img/icsw2_16.png.faces?ln= HTTP/1.1" 200 23662 
0:0:0:0:0:0:0:1 -  -  [22/Mai/2013:00:35:46 +0000] "GET /SteelBox4/javax.faces.resource/icons/environment/development.gif.faces?ln= HTTP/1.1" 200 1589 
0:0:0:0:0:0:0:1 -  -  [22/Mai/2013:00:35:46 +0000] "GET /SteelBox4/javax.faces.resource/icons/cross.png.faces?ln= HTTP/1.1" 200 655 
0:0:0:0:0:0:0:1 -  -  [22/Mai/2013:00:35:46 +0000] "GET /SteelBox4/javax.faces.resource/icons/eye.png.faces?ln= HTTP/1.1" 200 750 
0:0:0:0:0:0:0:1 -  -  [22/Mai/2013:00:35:46 +0000] "GET /SteelBox4/javax.faces.resource/icons/pencil.png.faces?ln= HTTP/1.1" 200 450 
0:0:0:0:0:0:0:1 -  -  [22/Mai/2013:00:35:46 +0000] "GET /SteelBox4/javax.faces.resource/messages/messages.png.faces?ln=primefaces HTTP/1.1" 304 0 
0:0:0:0:0:0:0:1 -  -  [22/Mai/2013:00:35:47 +0000] "POST /SteelBox4/domain/agendaSelect.faces HTTP/1.1" 200 147 
0:0:0:0:0:0:0:1 -  -  [22/Mai/2013:00:35:47 +0000] "GET /SteelBox4/domain/agendaEdit.faces?_cid=3c3 HTTP/1.1" 200 6362 
0:0:0:0:0:0:0:1 -  -  [22/Mai/2013:00:35:47 +0000] "GET /SteelBox4/javax.faces.resource/css/bootstrap.css.faces HTTP/1.1" 200 7020 
0:0:0:0:0:0:0:1 -  -  [22/Mai/2013:00:35:47 +0000] "GET /SteelBox4/javax.faces.resource/css/bootstrap-responsive.css.faces HTTP/1.1" 200 16553 
0:0:0:0:0:0:0:1 -  -  [22/Mai/2013:00:35:47 +0000] "GET /SteelBox4/javax.faces.resource/primefaces.css.faces?ln=primefaces HTTP/1.1" 304 0 
0:0:0:0:0:0:0:1 -  -  [22/Mai/2013:00:35:47 +0000] "GET /SteelBox4/javax.faces.resource/layout/layout.css.faces?ln=primefaces HTTP/1.1" 304 0 
0:0:0:0:0:0:0:1 -  -  [22/Mai/2013:00:35:47 +0000] "GET /SteelBox4/javax.faces.resource/theme.css.faces?ln=primefaces-bootstrap HTTP/1.1" 304 0 
0:0:0:0:0:0:0:1 -  -  [22/Mai/2013:00:35:47 +0000] "GET /SteelBox4/javax.faces.resource/fileupload/fileupload.css.faces?ln=primefaces HTTP/1.1" 304 0 
0:0:0:0:0:0:0:1 -  -  [22/Mai/2013:00:35:47 +0000] "GET /SteelBox4/javax.faces.resource/primefaces.js.faces?ln=primefaces HTTP/1.1" 304 0 
0:0:0:0:0:0:0:1 -  -  [22/Mai/2013:00:35:47 +0000] "GET /SteelBox4/javax.faces.resource/jquery/jquery.js.faces?ln=primefaces HTTP/1.1" 304 0 
0:0:0:0:0:0:0:1 -  -  [22/Mai/2013:00:35:47 +0000] "GET /SteelBox4/javax.faces.resource/layout/layout.js.faces?ln=primefaces HTTP/1.1" 304 0 
0:0:0:0:0:0:0:1 -  -  [22/Mai/2013:00:35:47 +0000] "GET /SteelBox4/javax.faces.resource/jquery/jquery-plugins.js.faces?ln=primefaces HTTP/1.1" 304 0 
0:0:0:0:0:0:0:1 -  -  [22/Mai/2013:00:35:47 +0000] "GET /SteelBox4/javax.faces.resource/js/main.js.faces HTTP/1.1" 200 3931 
0:0:0:0:0:0:0:1 -  -  [22/Mai/2013:00:35:47 +0000] "GET /SteelBox4/javax.faces.resource/css/beoro.css.faces HTTP/1.1" 200 52091 
0:0:0:0:0:0:0:1 -  -  [22/Mai/2013:00:35:47 +0000] "GET /SteelBox4/javax.faces.resource/shortcut.js.faces?ln=js HTTP/1.1" 200 5793 
0:0:0:0:0:0:0:1 -  -  [22/Mai/2013:00:35:47 +0000] "GET /SteelBox4/javax.faces.resource/fileupload/fileupload.js.faces?ln=primefaces HTTP/1.1" 304 0 
0:0:0:0:0:0:0:1 -  -  [22/Mai/2013:00:35:47 +0000] "GET /SteelBox4/javax.faces.resource/locale-primefaces.js.faces?ln=js HTTP/1.1" 200 1511 
0:0:0:0:0:0:0:1 -  -  [22/Mai/2013:00:35:47 +0000] "GET /SteelBox4/javax.faces.resource/css/main.css.faces HTTP/1.1" 200 9296 
0:0:0:0:0:0:0:1 -  -  [22/Mai/2013:00:35:47 +0000] "GET /SteelBox4/javax.faces.resource/css/icsw2_16.css.faces HTTP/1.1" 200 13815 
0:0:0:0:0:0:0:1 -  -  [22/Mai/2013:00:35:47 +0000] "GET /SteelBox4/javax.faces.resource/jsf.js.faces?ln=javax.faces&stage=Development HTTP/1.1" 304 0 
0:0:0:0:0:0:0:1 -  -  [22/Mai/2013:00:35:48 +0000] "GET /SteelBox4/javax.faces.resource/img/logo.png.faces HTTP/1.1" 200 6152 
0:0:0:0:0:0:0:1 -  -  [22/Mai/2013:00:35:48 +0000] "GET /SteelBox4/javax.faces.resource/icons/xls.png.faces HTTP/1.1" 200 3518 
0:0:0:0:0:0:0:1 -  -  [22/Mai/2013:00:35:48 +0000] "GET /SteelBox4/javax.faces.resource/img/avatar.png.faces HTTP/1.1" 200 5478 
0:0:0:0:0:0:0:1 -  -  [22/Mai/2013:00:35:48 +0000] "GET /SteelBox4/javax.faces.resource/icons/pdf.png.faces HTTP/1.1" 200 3197 
0:0:0:0:0:0:0:1 -  -  [22/Mai/2013:00:35:48 +0000] "GET /SteelBox4/javax.faces.resource/icons/xml.png.faces HTTP/1.1" 200 3732 
0:0:0:0:0:0:0:1 -  -  [22/Mai/2013:00:35:48 +0000] "GET /SteelBox4/javax.faces.resource/icons/csv.png.faces HTTP/1.1" 200 3310 
0:0:0:0:0:0:0:1 -  -  [22/Mai/2013:00:35:48 +0000] "GET /SteelBox4/javax.faces.resource/images/ui-icons_333333_256x240.png.faces?ln=primefaces-bootstrap HTTP/1.1" 304 0 
0:0:0:0:0:0:0:1 -  -  [22/Mai/2013:00:35:48 +0000] "GET /SteelBox4/javax.faces.resource/icons/environment/development.gif.faces?ln= HTTP/1.1" 200 1589 
0:0:0:0:0:0:0:1 -  -  [22/Mai/2013:00:35:48 +0000] "GET /SteelBox4/javax.faces.resource/img/icsw2_16.png.faces?ln= HTTP/1.1" 200 23662 
0:0:0:0:0:0:0:1 -  -  [22/Mai/2013:00:35:52 +0000] "POST /SteelBox4/domain/agendaEdit.faces HTTP/1.1" 200 149 
0:0:0:0:0:0:0:1 -  -  [22/Mai/2013:00:35:52 +0000] "GET /SteelBox4/domain/agendaSelect.faces?_cid=3c1 HTTP/1.1" 200 7414 
0:0:0:0:0:0:0:1 -  -  [22/Mai/2013:00:35:52 +0000] "GET /SteelBox4/javax.faces.resource/theme.css.faces?ln=primefaces-bootstrap HTTP/1.1" 304 0 
0:0:0:0:0:0:0:1 -  -  [22/Mai/2013:00:35:52 +0000] "GET /SteelBox4/javax.faces.resource/primefaces.css.faces?ln=primefaces HTTP/1.1" 304 0 
0:0:0:0:0:0:0:1 -  -  [22/Mai/2013:00:35:52 +0000] "GET /SteelBox4/javax.faces.resource/css/bootstrap.css.faces HTTP/1.1" 200 7020 
0:0:0:0:0:0:0:1 -  -  [22/Mai/2013:00:35:52 +0000] "GET /SteelBox4/javax.faces.resource/jquery/jquery.js.faces?ln=primefaces HTTP/1.1" 304 0 
0:0:0:0:0:0:0:1 -  -  [22/Mai/2013:00:35:52 +0000] "GET /SteelBox4/javax.faces.resource/layout/layout.css.faces?ln=primefaces HTTP/1.1" 304 0 
0:0:0:0:0:0:0:1 -  -  [22/Mai/2013:00:35:52 +0000] "GET /SteelBox4/javax.faces.resource/css/bootstrap-responsive.css.faces HTTP/1.1" 200 16553 
0:0:0:0:0:0:0:1 -  -  [22/Mai/2013:00:35:52 +0000] "GET /SteelBox4/javax.faces.resource/layout/layout.js.faces?ln=primefaces HTTP/1.1" 304 0 
0:0:0:0:0:0:0:1 -  -  [22/Mai/2013:00:35:52 +0000] "GET /SteelBox4/javax.faces.resource/primefaces.js.faces?ln=primefaces HTTP/1.1" 304 0 
0:0:0:0:0:0:0:1 -  -  [22/Mai/2013:00:35:52 +0000] "GET /SteelBox4/javax.faces.resource/jquery/jquery-plugins.js.faces?ln=primefaces HTTP/1.1" 304 0 
0:0:0:0:0:0:0:1 -  -  [22/Mai/2013:00:35:52 +0000] "GET /SteelBox4/javax.faces.resource/js/main.js.faces HTTP/1.1" 200 3931 
0:0:0:0:0:0:0:1 -  -  [22/Mai/2013:00:35:52 +0000] "GET /SteelBox4/javax.faces.resource/css/beoro.css.faces HTTP/1.1" 200 52091 
0:0:0:0:0:0:0:1 -  -  [22/Mai/2013:00:35:52 +0000] "GET /SteelBox4/javax.faces.resource/locale-primefaces.js.faces?ln=js HTTP/1.1" 200 1511 
0:0:0:0:0:0:0:1 -  -  [22/Mai/2013:00:35:52 +0000] "GET /SteelBox4/javax.faces.resource/shortcut.js.faces?ln=js HTTP/1.1" 200 5793 
0:0:0:0:0:0:0:1 -  -  [22/Mai/2013:00:35:52 +0000] "GET /SteelBox4/javax.faces.resource/css/main.css.faces HTTP/1.1" 200 9296 
0:0:0:0:0:0:0:1 -  -  [22/Mai/2013:00:35:52 +0000] "GET /SteelBox4/javax.faces.resource/css/icsw2_16.css.faces HTTP/1.1" 200 13815 
0:0:0:0:0:0:0:1 -  -  [22/Mai/2013:00:35:52 +0000] "GET /SteelBox4/javax.faces.resource/jsf.js.faces?ln=javax.faces&stage=Development HTTP/1.1" 304 0 
0:0:0:0:0:0:0:1 -  -  [22/Mai/2013:00:35:53 +0000] "GET /SteelBox4/javax.faces.resource/img/avatar.png.faces HTTP/1.1" 200 5478 
0:0:0:0:0:0:0:1 -  -  [22/Mai/2013:00:35:53 +0000] "GET /SteelBox4/javax.faces.resource/icons/ajaxloading.gif.faces HTTP/1.1" 200 1849 
0:0:0:0:0:0:0:1 -  -  [22/Mai/2013:00:35:53 +0000] "GET /SteelBox4/javax.faces.resource/img/logo.png.faces HTTP/1.1" 200 6152 
0:0:0:0:0:0:0:1 -  -  [22/Mai/2013:00:35:53 +0000] "GET /SteelBox4/javax.faces.resource/icons/pdf.png.faces HTTP/1.1" 200 3197 
0:0:0:0:0:0:0:1 -  -  [22/Mai/2013:00:35:53 +0000] "GET /SteelBox4/javax.faces.resource/icons/xml.png.faces HTTP/1.1" 200 3732 
0:0:0:0:0:0:0:1 -  -  [22/Mai/2013:00:35:53 +0000] "GET /SteelBox4/javax.faces.resource/icons/csv.png.faces HTTP/1.1" 200 3310 
0:0:0:0:0:0:0:1 -  -  [22/Mai/2013:00:35:53 +0000] "GET /SteelBox4/javax.faces.resource/icons/xls.png.faces HTTP/1.1" 200 3518 
0:0:0:0:0:0:0:1 -  -  [22/Mai/2013:00:35:53 +0000] "GET /SteelBox4/javax.faces.resource/images/ui-icons_333333_256x240.png.faces?ln=primefaces-bootstrap HTTP/1.1" 304 0 
0:0:0:0:0:0:0:1 -  -  [22/Mai/2013:00:35:53 +0000] "GET /SteelBox4/javax.faces.resource/icons/environment/development.gif.faces?ln= HTTP/1.1" 200 1589 
0:0:0:0:0:0:0:1 -  -  [22/Mai/2013:00:35:53 +0000] "GET /SteelBox4/javax.faces.resource/icons/excel.png.faces?ln= HTTP/1.1" 200 601 
0:0:0:0:0:0:0:1 -  -  [22/Mai/2013:00:35:53 +0000] "GET /SteelBox4/javax.faces.resource/icons/eye.png.faces?ln= HTTP/1.1" 200 750 
0:0:0:0:0:0:0:1 -  -  [22/Mai/2013:00:35:53 +0000] "GET /SteelBox4/javax.faces.resource/messages/messages.png.faces?ln=primefaces HTTP/1.1" 304 0 
0:0:0:0:0:0:0:1 -  -  [22/Mai/2013:00:35:53 +0000] "GET /SteelBox4/javax.faces.resource/icons/cross.png.faces?ln= HTTP/1.1" 200 655 
0:0:0:0:0:0:0:1 -  -  [22/Mai/2013:00:35:53 +0000] "GET /SteelBox4/javax.faces.resource/icons/find.png.faces?ln= HTTP/1.1" 200 659 
0:0:0:0:0:0:0:1 -  -  [22/Mai/2013:00:35:53 +0000] "GET /SteelBox4/javax.faces.resource/icons/pencil.png.faces?ln= HTTP/1.1" 200 450 
0:0:0:0:0:0:0:1 -  -  [22/Mai/2013:00:35:53 +0000] "GET /SteelBox4/javax.faces.resource/img/icsw2_16.png.faces?ln= HTTP/1.1" 200 23662 
0:0:0:0:0:0:0:1 -  -  [22/Mai/2013:23:16:07 +0000] "GET /SteelBox4/home.faces HTTP/1.1" 200 0 
