0:0:0:0:0:0:0:1 -  -  [11/Ago/2013:23:01:00 +0000] "GET /SteelBox/ HTTP/1.1" 404 1276 
0:0:0:0:0:0:0:1 -  -  [11/Ago/2013:23:01:07 +0000] "GET / HTTP/1.1" 404 1522 
0:0:0:0:0:0:0:1 -  -  [11/Ago/2013:23:01:08 +0000] "GET /SteelBox4 HTTP/1.1" 302 0 
0:0:0:0:0:0:0:1 -  -  [11/Ago/2013:23:01:08 +0000] "GET /SteelBox4/ HTTP/1.1" 200 90 
0:0:0:0:0:0:0:1 -  -  [11/Ago/2013:23:01:09 +0000] "GET /SteelBox4/home.faces HTTP/1.1" 302 0 
0:0:0:0:0:0:0:1 -  -  [11/Ago/2013:23:01:09 +0000] "GET /SteelBox4/login.faces HTTP/1.1" 200 6544 
0:0:0:0:0:0:0:1 -  -  [11/Ago/2013:23:01:11 +0000] "GET /SteelBox4/javax.faces.resource/css/bootstrap.css.faces HTTP/1.1" 200 7020 
0:0:0:0:0:0:0:1 -  -  [11/Ago/2013:23:01:11 +0000] "GET /SteelBox4/javax.faces.resource/theme.css.faces?ln=primefaces-bootstrap HTTP/1.1" 200 33359 
0:0:0:0:0:0:0:1 -  -  [11/Ago/2013:23:01:11 +0000] "GET /SteelBox4/javax.faces.resource/css/icsw2_16.css.faces HTTP/1.1" 200 13815 
0:0:0:0:0:0:0:1 -  -  [11/Ago/2013:23:01:12 +0000] "GET /SteelBox4/javax.faces.resource/layout/layout.css.faces?ln=primefaces HTTP/1.1" 200 542 
0:0:0:0:0:0:0:1 -  -  [11/Ago/2013:23:01:11 +0000] "GET /SteelBox4/javax.faces.resource/css/bootstrap-responsive.css.faces HTTP/1.1" 200 16553 
0:0:0:0:0:0:0:1 -  -  [11/Ago/2013:23:01:12 +0000] "GET /SteelBox4/javax.faces.resource/fileupload/fileupload.css.faces?ln=primefaces HTTP/1.1" 200 1458 
0:0:0:0:0:0:0:1 -  -  [11/Ago/2013:23:01:12 +0000] "GET /SteelBox4/javax.faces.resource/jquery/jquery.js.faces?ln=primefaces HTTP/1.1" 200 105101 
0:0:0:0:0:0:0:1 -  -  [11/Ago/2013:23:01:12 +0000] "GET /SteelBox4/javax.faces.resource/layout/layout.js.faces?ln=primefaces HTTP/1.1" 200 87871 
0:0:0:0:0:0:0:1 -  -  [11/Ago/2013:23:01:12 +0000] "GET /SteelBox4/javax.faces.resource/fileupload/fileupload.js.faces?ln=primefaces HTTP/1.1" 200 31214 
0:0:0:0:0:0:0:1 -  -  [11/Ago/2013:23:01:12 +0000] "GET /SteelBox4/javax.faces.resource/primefaces.js.faces?ln=primefaces HTTP/1.1" 200 233594 
0:0:0:0:0:0:0:1 -  -  [11/Ago/2013:23:01:12 +0000] "GET /SteelBox4/javax.faces.resource/jquery/jquery-plugins.js.faces?ln=primefaces HTTP/1.1" 200 227674 
0:0:0:0:0:0:0:1 -  -  [11/Ago/2013:23:01:11 +0000] "GET /SteelBox4/javax.faces.resource/primefaces.css.faces?ln=primefaces HTTP/1.1" 200 50510 
0:0:0:0:0:0:0:1 -  -  [11/Ago/2013:23:01:12 +0000] "GET /SteelBox4/javax.faces.resource/jsf.js.faces?ln=javax.faces&stage=Development HTTP/1.1" 200 116311 
0:0:0:0:0:0:0:1 -  -  [11/Ago/2013:23:01:12 +0000] "GET /SteelBox4/javax.faces.resource/locale-primefaces.js.faces?ln=js HTTP/1.1" 200 1511 
0:0:0:0:0:0:0:1 -  -  [11/Ago/2013:23:01:12 +0000] "GET /SteelBox4/javax.faces.resource/js/main.js.faces HTTP/1.1" 200 3931 
0:0:0:0:0:0:0:1 -  -  [11/Ago/2013:23:01:12 +0000] "GET /SteelBox4/javax.faces.resource/shortcut.js.faces?ln=js HTTP/1.1" 200 5793 
0:0:0:0:0:0:0:1 -  -  [11/Ago/2013:23:01:11 +0000] "GET /SteelBox4/javax.faces.resource/css/beoro.css.faces HTTP/1.1" 200 52091 
0:0:0:0:0:0:0:1 -  -  [11/Ago/2013:23:01:11 +0000] "GET /SteelBox4/javax.faces.resource/css/main.css.faces HTTP/1.1" 200 9296 
0:0:0:0:0:0:0:1 -  -  [11/Ago/2013:23:01:12 +0000] "GET /SteelBox4/javax.faces.resource/img/logo.png.faces HTTP/1.1" 200 6152 
0:0:0:0:0:0:0:1 -  -  [11/Ago/2013:23:01:12 +0000] "GET /SteelBox4/javax.faces.resource/img/floppy_drive.png.faces HTTP/1.1" 200 14412 
0:0:0:0:0:0:0:1 -  -  [11/Ago/2013:23:01:12 +0000] "GET /SteelBox4/javax.faces.resource/img/settings.png.faces HTTP/1.1" 200 11453 
0:0:0:0:0:0:0:1 -  -  [11/Ago/2013:23:01:12 +0000] "GET /SteelBox4/javax.faces.resource/images/ui-icons_333333_256x240.png.faces?ln=primefaces-bootstrap HTTP/1.1" 200 4369 
0:0:0:0:0:0:0:1 -  -  [11/Ago/2013:23:01:12 +0000] "GET /SteelBox4/javax.faces.resource/img/icsw2_16.png.faces?ln= HTTP/1.1" 200 23662 
0:0:0:0:0:0:0:1 -  -  [11/Ago/2013:23:01:12 +0000] "GET /SteelBox4/javax.faces.resource/icons/environment/development.gif.faces?ln= HTTP/1.1" 200 1589 
0:0:0:0:0:0:0:1 -  -  [11/Ago/2013:23:03:37 +0000] "GET /SteelBox4/home.faces HTTP/1.1" 302 0 
0:0:0:0:0:0:0:1 -  -  [11/Ago/2013:23:03:37 +0000] "GET /SteelBox4/login.faces HTTP/1.1" 200 6613 
0:0:0:0:0:0:0:1 -  -  [11/Ago/2013:23:03:39 +0000] "GET /SteelBox4/javax.faces.resource/theme.css.faces?ln=primefaces-bootstrap HTTP/1.1" 304 0 
0:0:0:0:0:0:0:1 -  -  [11/Ago/2013:23:03:39 +0000] "GET /SteelBox4/javax.faces.resource/primefaces.css.faces?ln=primefaces HTTP/1.1" 304 0 
0:0:0:0:0:0:0:1 -  -  [11/Ago/2013:23:03:39 +0000] "GET /SteelBox4/javax.faces.resource/layout/layout.css.faces?ln=primefaces HTTP/1.1" 304 0 
0:0:0:0:0:0:0:1 -  -  [11/Ago/2013:23:03:39 +0000] "GET /SteelBox4/javax.faces.resource/fileupload/fileupload.css.faces?ln=primefaces HTTP/1.1" 304 0 
0:0:0:0:0:0:0:1 -  -  [11/Ago/2013:23:03:39 +0000] "GET /SteelBox4/javax.faces.resource/jquery/jquery.js.faces?ln=primefaces HTTP/1.1" 304 0 
0:0:0:0:0:0:0:1 -  -  [11/Ago/2013:23:03:39 +0000] "GET /SteelBox4/javax.faces.resource/primefaces.js.faces?ln=primefaces HTTP/1.1" 304 0 
0:0:0:0:0:0:0:1 -  -  [11/Ago/2013:23:03:39 +0000] "GET /SteelBox4/javax.faces.resource/jquery/jquery-plugins.js.faces?ln=primefaces HTTP/1.1" 304 0 
0:0:0:0:0:0:0:1 -  -  [11/Ago/2013:23:03:39 +0000] "GET /SteelBox4/javax.faces.resource/layout/layout.js.faces?ln=primefaces HTTP/1.1" 304 0 
0:0:0:0:0:0:0:1 -  -  [11/Ago/2013:23:03:39 +0000] "GET /SteelBox4/javax.faces.resource/fileupload/fileupload.js.faces?ln=primefaces HTTP/1.1" 304 0 
0:0:0:0:0:0:0:1 -  -  [11/Ago/2013:23:03:39 +0000] "GET /SteelBox4/javax.faces.resource/jsf.js.faces?ln=javax.faces&stage=Development HTTP/1.1" 304 0 
0:0:0:0:0:0:0:1 -  -  [11/Ago/2013:23:03:39 +0000] "GET /SteelBox4/javax.faces.resource/js/main.js.faces HTTP/1.1" 200 3931 
0:0:0:0:0:0:0:1 -  -  [11/Ago/2013:23:03:39 +0000] "GET /SteelBox4/javax.faces.resource/locale-primefaces.js.faces?ln=js HTTP/1.1" 200 1511 
0:0:0:0:0:0:0:1 -  -  [11/Ago/2013:23:03:39 +0000] "GET /SteelBox4/javax.faces.resource/shortcut.js.faces?ln=js HTTP/1.1" 200 5793 
0:0:0:0:0:0:0:1 -  -  [11/Ago/2013:23:03:39 +0000] "GET /SteelBox4/javax.faces.resource/css/bootstrap.css.faces HTTP/1.1" 200 7020 
0:0:0:0:0:0:0:1 -  -  [11/Ago/2013:23:03:39 +0000] "GET /SteelBox4/javax.faces.resource/css/bootstrap-responsive.css.faces HTTP/1.1" 200 16553 
0:0:0:0:0:0:0:1 -  -  [11/Ago/2013:23:03:39 +0000] "GET /SteelBox4/javax.faces.resource/css/icsw2_16.css.faces HTTP/1.1" 200 13815 
0:0:0:0:0:0:0:1 -  -  [11/Ago/2013:23:03:39 +0000] "GET /SteelBox4/javax.faces.resource/css/beoro.css.faces HTTP/1.1" 200 52091 
0:0:0:0:0:0:0:1 -  -  [11/Ago/2013:23:03:39 +0000] "GET /SteelBox4/javax.faces.resource/css/main.css.faces HTTP/1.1" 200 9296 
0:0:0:0:0:0:0:1 -  -  [11/Ago/2013:23:03:40 +0000] "GET /SteelBox4/javax.faces.resource/img/settings.png.faces HTTP/1.1" 200 11453 
0:0:0:0:0:0:0:1 -  -  [11/Ago/2013:23:03:40 +0000] "GET /SteelBox4/javax.faces.resource/img/logo.png.faces HTTP/1.1" 200 6152 
0:0:0:0:0:0:0:1 -  -  [11/Ago/2013:23:03:40 +0000] "GET /SteelBox4/javax.faces.resource/img/floppy_drive.png.faces HTTP/1.1" 200 14412 
0:0:0:0:0:0:0:1 -  -  [11/Ago/2013:23:03:40 +0000] "GET /SteelBox4/javax.faces.resource/images/ui-icons_333333_256x240.png.faces?ln=primefaces-bootstrap HTTP/1.1" 304 0 
0:0:0:0:0:0:0:1 -  -  [11/Ago/2013:23:03:40 +0000] "GET /SteelBox4/javax.faces.resource/icons/environment/development.gif.faces?ln= HTTP/1.1" 200 1589 
0:0:0:0:0:0:0:1 -  -  [11/Ago/2013:23:03:40 +0000] "GET /SteelBox4/javax.faces.resource/img/icsw2_16.png.faces?ln= HTTP/1.1" 200 23662 
0:0:0:0:0:0:0:1 -  -  [11/Ago/2013:23:03:45 +0000] "POST /SteelBox4/logincheck.faces HTTP/1.1" 302 0 
0:0:0:0:0:0:0:1 -  -  [11/Ago/2013:23:03:45 +0000] "GET /SteelBox4/home.faces HTTP/1.1" 200 5652 
0:0:0:0:0:0:0:1 -  -  [11/Ago/2013:23:03:46 +0000] "GET /SteelBox4/javax.faces.resource/theme.css.faces?ln=primefaces-bootstrap HTTP/1.1" 304 0 
0:0:0:0:0:0:0:1 -  -  [11/Ago/2013:23:03:46 +0000] "GET /SteelBox4/javax.faces.resource/primefaces.css.faces?ln=primefaces HTTP/1.1" 304 0 
0:0:0:0:0:0:0:1 -  -  [11/Ago/2013:23:03:46 +0000] "GET /SteelBox4/javax.faces.resource/layout/layout.css.faces?ln=primefaces HTTP/1.1" 304 0 
0:0:0:0:0:0:0:1 -  -  [11/Ago/2013:23:03:46 +0000] "GET /SteelBox4/javax.faces.resource/css/bootstrap.css.faces HTTP/1.1" 200 7020 
0:0:0:0:0:0:0:1 -  -  [11/Ago/2013:23:03:46 +0000] "GET /SteelBox4/javax.faces.resource/jquery/jquery.js.faces?ln=primefaces HTTP/1.1" 304 0 
0:0:0:0:0:0:0:1 -  -  [11/Ago/2013:23:03:46 +0000] "GET /SteelBox4/javax.faces.resource/primefaces.js.faces?ln=primefaces HTTP/1.1" 304 0 
0:0:0:0:0:0:0:1 -  -  [11/Ago/2013:23:03:46 +0000] "GET /SteelBox4/javax.faces.resource/css/bootstrap-responsive.css.faces HTTP/1.1" 200 16553 
0:0:0:0:0:0:0:1 -  -  [11/Ago/2013:23:03:46 +0000] "GET /SteelBox4/javax.faces.resource/layout/layout.js.faces?ln=primefaces HTTP/1.1" 304 0 
0:0:0:0:0:0:0:1 -  -  [11/Ago/2013:23:03:46 +0000] "GET /SteelBox4/javax.faces.resource/css/beoro.css.faces HTTP/1.1" 200 52091 
0:0:0:0:0:0:0:1 -  -  [11/Ago/2013:23:03:46 +0000] "GET /SteelBox4/javax.faces.resource/jquery/jquery-plugins.js.faces?ln=primefaces HTTP/1.1" 304 0 
0:0:0:0:0:0:0:1 -  -  [11/Ago/2013:23:03:46 +0000] "GET /SteelBox4/javax.faces.resource/locale-primefaces.js.faces?ln=js HTTP/1.1" 200 1511 
0:0:0:0:0:0:0:1 -  -  [11/Ago/2013:23:03:46 +0000] "GET /SteelBox4/javax.faces.resource/js/main.js.faces HTTP/1.1" 200 3931 
0:0:0:0:0:0:0:1 -  -  [11/Ago/2013:23:03:46 +0000] "GET /SteelBox4/javax.faces.resource/shortcut.js.faces?ln=js HTTP/1.1" 200 5793 
0:0:0:0:0:0:0:1 -  -  [11/Ago/2013:23:03:46 +0000] "GET /SteelBox4/javax.faces.resource/css/main.css.faces HTTP/1.1" 200 9296 
0:0:0:0:0:0:0:1 -  -  [11/Ago/2013:23:03:46 +0000] "GET /SteelBox4/javax.faces.resource/css/icsw2_16.css.faces HTTP/1.1" 200 13815 
0:0:0:0:0:0:0:1 -  -  [11/Ago/2013:23:03:46 +0000] "GET /SteelBox4/javax.faces.resource/jsf.js.faces?ln=javax.faces&stage=Development HTTP/1.1" 304 0 
0:0:0:0:0:0:0:1 -  -  [11/Ago/2013:23:03:46 +0000] "GET /SteelBox4/javax.faces.resource/img/sem_foto.gif.faces HTTP/1.1" 200 6603 
0:0:0:0:0:0:0:1 -  -  [11/Ago/2013:23:03:46 +0000] "GET /SteelBox4/javax.faces.resource/img/logo.png.faces HTTP/1.1" 200 6152 
0:0:0:0:0:0:0:1 -  -  [11/Ago/2013:23:03:46 +0000] "GET /SteelBox4/javax.faces.resource/images/ui-icons_333333_256x240.png.faces?ln=primefaces-bootstrap HTTP/1.1" 304 0 
0:0:0:0:0:0:0:1 -  -  [11/Ago/2013:23:03:46 +0000] "GET /SteelBox4/javax.faces.resource/icons/environment/development.gif.faces?ln= HTTP/1.1" 200 1589 
0:0:0:0:0:0:0:1 -  -  [11/Ago/2013:23:03:46 +0000] "GET /SteelBox4/javax.faces.resource/img/icsw2_16.png.faces?ln= HTTP/1.1" 200 23662 
0:0:0:0:0:0:0:1 -  -  [11/Ago/2013:23:03:53 +0000] "POST /SteelBox4/home.faces HTTP/1.1" 200 145 
0:0:0:0:0:0:0:1 -  -  [11/Ago/2013:23:03:53 +0000] "GET /SteelBox4/domain/osSelect.faces?_cid=1c1 HTTP/1.1" 200 8136 
0:0:0:0:0:0:0:1 -  -  [11/Ago/2013:23:03:54 +0000] "GET /SteelBox4/javax.faces.resource/theme.css.faces?ln=primefaces-bootstrap HTTP/1.1" 304 0 
0:0:0:0:0:0:0:1 -  -  [11/Ago/2013:23:03:54 +0000] "GET /SteelBox4/javax.faces.resource/primefaces.css.faces?ln=primefaces HTTP/1.1" 304 0 
0:0:0:0:0:0:0:1 -  -  [11/Ago/2013:23:03:54 +0000] "GET /SteelBox4/javax.faces.resource/css/bootstrap.css.faces HTTP/1.1" 200 7020 
0:0:0:0:0:0:0:1 -  -  [11/Ago/2013:23:03:54 +0000] "GET /SteelBox4/javax.faces.resource/jquery/jquery.js.faces?ln=primefaces HTTP/1.1" 304 0 
0:0:0:0:0:0:0:1 -  -  [11/Ago/2013:23:03:54 +0000] "GET /SteelBox4/javax.faces.resource/css/bootstrap-responsive.css.faces HTTP/1.1" 200 16553 
0:0:0:0:0:0:0:1 -  -  [11/Ago/2013:23:03:54 +0000] "GET /SteelBox4/javax.faces.resource/layout/layout.css.faces?ln=primefaces HTTP/1.1" 304 0 
0:0:0:0:0:0:0:1 -  -  [11/Ago/2013:23:03:54 +0000] "GET /SteelBox4/javax.faces.resource/jquery/jquery-plugins.js.faces?ln=primefaces HTTP/1.1" 304 0 
0:0:0:0:0:0:0:1 -  -  [11/Ago/2013:23:03:54 +0000] "GET /SteelBox4/javax.faces.resource/primefaces.js.faces?ln=primefaces HTTP/1.1" 304 0 
0:0:0:0:0:0:0:1 -  -  [11/Ago/2013:23:03:54 +0000] "GET /SteelBox4/javax.faces.resource/js/main.js.faces HTTP/1.1" 200 3931 
0:0:0:0:0:0:0:1 -  -  [11/Ago/2013:23:03:54 +0000] "GET /SteelBox4/javax.faces.resource/layout/layout.js.faces?ln=primefaces HTTP/1.1" 304 0 
0:0:0:0:0:0:0:1 -  -  [11/Ago/2013:23:03:54 +0000] "GET /SteelBox4/javax.faces.resource/shortcut.js.faces?ln=js HTTP/1.1" 200 5793 
0:0:0:0:0:0:0:1 -  -  [11/Ago/2013:23:03:54 +0000] "GET /SteelBox4/javax.faces.resource/css/beoro.css.faces HTTP/1.1" 200 52091 
0:0:0:0:0:0:0:1 -  -  [11/Ago/2013:23:03:54 +0000] "GET /SteelBox4/javax.faces.resource/locale-primefaces.js.faces?ln=js HTTP/1.1" 200 1511 
0:0:0:0:0:0:0:1 -  -  [11/Ago/2013:23:03:54 +0000] "GET /SteelBox4/javax.faces.resource/css/main.css.faces HTTP/1.1" 200 9296 
0:0:0:0:0:0:0:1 -  -  [11/Ago/2013:23:03:54 +0000] "GET /SteelBox4/javax.faces.resource/css/icsw2_16.css.faces HTTP/1.1" 200 13815 
0:0:0:0:0:0:0:1 -  -  [11/Ago/2013:23:03:54 +0000] "GET /SteelBox4/javax.faces.resource/jsf.js.faces?ln=javax.faces&stage=Development HTTP/1.1" 304 0 
0:0:0:0:0:0:0:1 -  -  [11/Ago/2013:23:03:54 +0000] "GET /SteelBox4/javax.faces.resource/icons/pdf.png.faces HTTP/1.1" 200 3197 
0:0:0:0:0:0:0:1 -  -  [11/Ago/2013:23:03:54 +0000] "GET /SteelBox4/javax.faces.resource/icons/xls.png.faces HTTP/1.1" 200 3518 
0:0:0:0:0:0:0:1 -  -  [11/Ago/2013:23:03:54 +0000] "GET /SteelBox4/javax.faces.resource/icons/ajaxloading.gif.faces HTTP/1.1" 200 1849 
0:0:0:0:0:0:0:1 -  -  [11/Ago/2013:23:03:54 +0000] "GET /SteelBox4/javax.faces.resource/icons/xml.png.faces HTTP/1.1" 200 3732 
0:0:0:0:0:0:0:1 -  -  [11/Ago/2013:23:03:54 +0000] "GET /SteelBox4/javax.faces.resource/icons/csv.png.faces HTTP/1.1" 200 3310 
0:0:0:0:0:0:0:1 -  -  [11/Ago/2013:23:03:55 +0000] "GET /SteelBox4/javax.faces.resource/img/logo.png.faces HTTP/1.1" 200 6152 
0:0:0:0:0:0:0:1 -  -  [11/Ago/2013:23:03:55 +0000] "GET /SteelBox4/javax.faces.resource/img/sem_foto.gif.faces HTTP/1.1" 200 6603 
0:0:0:0:0:0:0:1 -  -  [11/Ago/2013:23:03:55 +0000] "GET /SteelBox4/javax.faces.resource/images/ui-icons_333333_256x240.png.faces?ln=primefaces-bootstrap HTTP/1.1" 304 0 
0:0:0:0:0:0:0:1 -  -  [11/Ago/2013:23:03:55 +0000] "GET /SteelBox4/javax.faces.resource/img/icsw2_16.png.faces?ln= HTTP/1.1" 200 23662 
0:0:0:0:0:0:0:1 -  -  [11/Ago/2013:23:03:55 +0000] "GET /SteelBox4/javax.faces.resource/icons/excel.png.faces?ln= HTTP/1.1" 200 601 
0:0:0:0:0:0:0:1 -  -  [11/Ago/2013:23:03:55 +0000] "GET /SteelBox4/javax.faces.resource/icons/find.png.faces?ln= HTTP/1.1" 200 659 
0:0:0:0:0:0:0:1 -  -  [11/Ago/2013:23:03:55 +0000] "GET /SteelBox4/javax.faces.resource/icons/environment/development.gif.faces?ln= HTTP/1.1" 200 1589 
0:0:0:0:0:0:0:1 -  -  [11/Ago/2013:23:03:55 +0000] "GET /SteelBox4/javax.faces.resource/icons/pencil.png.faces?ln= HTTP/1.1" 200 450 
0:0:0:0:0:0:0:1 -  -  [11/Ago/2013:23:03:55 +0000] "GET /SteelBox4/javax.faces.resource/icons/eye.png.faces?ln= HTTP/1.1" 200 750 
0:0:0:0:0:0:0:1 -  -  [11/Ago/2013:23:03:55 +0000] "GET /SteelBox4/javax.faces.resource/icons/cross.png.faces?ln= HTTP/1.1" 200 655 
0:0:0:0:0:0:0:1 -  -  [11/Ago/2013:23:03:56 +0000] "POST /SteelBox4/domain/osSelect.faces HTTP/1.1" 200 143 
0:0:0:0:0:0:0:1 -  -  [11/Ago/2013:23:03:56 +0000] "GET /SteelBox4/domain/osEdit.faces?_cid=1c2 HTTP/1.1" 200 9301 
0:0:0:0:0:0:0:1 -  -  [11/Ago/2013:23:03:57 +0000] "GET /SteelBox4/javax.faces.resource/theme.css.faces?ln=primefaces-bootstrap HTTP/1.1" 304 0 
0:0:0:0:0:0:0:1 -  -  [11/Ago/2013:23:03:57 +0000] "GET /SteelBox4/javax.faces.resource/primefaces.css.faces?ln=primefaces HTTP/1.1" 304 0 
0:0:0:0:0:0:0:1 -  -  [11/Ago/2013:23:03:57 +0000] "GET /SteelBox4/javax.faces.resource/css/bootstrap.css.faces HTTP/1.1" 200 7020 
0:0:0:0:0:0:0:1 -  -  [11/Ago/2013:23:03:57 +0000] "GET /SteelBox4/javax.faces.resource/layout/layout.css.faces?ln=primefaces HTTP/1.1" 304 0 
0:0:0:0:0:0:0:1 -  -  [11/Ago/2013:23:03:57 +0000] "GET /SteelBox4/javax.faces.resource/jquery/jquery.js.faces?ln=primefaces HTTP/1.1" 304 0 
0:0:0:0:0:0:0:1 -  -  [11/Ago/2013:23:03:57 +0000] "GET /SteelBox4/javax.faces.resource/primefaces.js.faces?ln=primefaces HTTP/1.1" 304 0 
0:0:0:0:0:0:0:1 -  -  [11/Ago/2013:23:03:57 +0000] "GET /SteelBox4/javax.faces.resource/jquery/jquery-plugins.js.faces?ln=primefaces HTTP/1.1" 304 0 
0:0:0:0:0:0:0:1 -  -  [11/Ago/2013:23:03:57 +0000] "GET /SteelBox4/javax.faces.resource/css/beoro.css.faces HTTP/1.1" 200 52091 
0:0:0:0:0:0:0:1 -  -  [11/Ago/2013:23:03:57 +0000] "GET /SteelBox4/javax.faces.resource/layout/layout.js.faces?ln=primefaces HTTP/1.1" 304 0 
0:0:0:0:0:0:0:1 -  -  [11/Ago/2013:23:03:57 +0000] "GET /SteelBox4/javax.faces.resource/css/bootstrap-responsive.css.faces HTTP/1.1" 200 16553 
0:0:0:0:0:0:0:1 -  -  [11/Ago/2013:23:03:57 +0000] "GET /SteelBox4/javax.faces.resource/locale-primefaces.js.faces?ln=js HTTP/1.1" 200 1511 
0:0:0:0:0:0:0:1 -  -  [11/Ago/2013:23:03:57 +0000] "GET /SteelBox4/javax.faces.resource/shortcut.js.faces?ln=js HTTP/1.1" 200 5793 
0:0:0:0:0:0:0:1 -  -  [11/Ago/2013:23:03:57 +0000] "GET /SteelBox4/javax.faces.resource/editor/editor.js.faces?ln=primefaces HTTP/1.1" 200 16934 
0:0:0:0:0:0:0:1 -  -  [11/Ago/2013:23:03:57 +0000] "GET /SteelBox4/javax.faces.resource/js/main.js.faces HTTP/1.1" 200 3931 
0:0:0:0:0:0:0:1 -  -  [11/Ago/2013:23:03:57 +0000] "GET /SteelBox4/javax.faces.resource/editor/editor.css.faces?ln=primefaces HTTP/1.1" 200 1594 
0:0:0:0:0:0:0:1 -  -  [11/Ago/2013:23:03:57 +0000] "GET /SteelBox4/javax.faces.resource/css/main.css.faces HTTP/1.1" 200 9296 
0:0:0:0:0:0:0:1 -  -  [11/Ago/2013:23:03:57 +0000] "GET /SteelBox4/javax.faces.resource/css/icsw2_16.css.faces HTTP/1.1" 200 13815 
0:0:0:0:0:0:0:1 -  -  [11/Ago/2013:23:03:57 +0000] "GET /SteelBox4/javax.faces.resource/jsf.js.faces?ln=javax.faces&stage=Development HTTP/1.1" 304 0 
0:0:0:0:0:0:0:1 -  -  [11/Ago/2013:23:03:57 +0000] "GET /SteelBox4/javax.faces.resource/img/ajaxloadingbar.gif.faces HTTP/1.1" 200 10819 
0:0:0:0:0:0:0:1 -  -  [11/Ago/2013:23:03:57 +0000] "GET /SteelBox4/javax.faces.resource/img/logo.png.faces HTTP/1.1" 200 6152 
0:0:0:0:0:0:0:1 -  -  [11/Ago/2013:23:03:57 +0000] "GET /SteelBox4/javax.faces.resource/img/sem_foto.gif.faces HTTP/1.1" 200 6603 
0:0:0:0:0:0:0:1 -  -  [11/Ago/2013:23:03:57 +0000] "GET /SteelBox4/javax.faces.resource/icons/pdf.png.faces HTTP/1.1" 200 3197 
0:0:0:0:0:0:0:1 -  -  [11/Ago/2013:23:03:57 +0000] "GET /SteelBox4/javax.faces.resource/icons/environment/development.gif.faces?ln= HTTP/1.1" 200 1589 
0:0:0:0:0:0:0:1 -  -  [11/Ago/2013:23:03:57 +0000] "GET /SteelBox4/javax.faces.resource/images/ui-icons_333333_256x240.png.faces?ln=primefaces-bootstrap HTTP/1.1" 304 0 
0:0:0:0:0:0:0:1 -  -  [11/Ago/2013:23:03:57 +0000] "GET /SteelBox4/javax.faces.resource/icons/find.png.faces?ln= HTTP/1.1" 200 659 
0:0:0:0:0:0:0:1 -  -  [11/Ago/2013:23:03:57 +0000] "GET /SteelBox4/javax.faces.resource/img/icsw2_16.png.faces?ln= HTTP/1.1" 200 23662 
0:0:0:0:0:0:0:1 -  -  [11/Ago/2013:23:03:57 +0000] "GET /SteelBox4/javax.faces.resource/icons/eye.png.faces?ln= HTTP/1.1" 200 750 
0:0:0:0:0:0:0:1 -  -  [11/Ago/2013:23:03:57 +0000] "GET /SteelBox4/javax.faces.resource/icons/pencil.png.faces?ln= HTTP/1.1" 200 450 
0:0:0:0:0:0:0:1 -  -  [11/Ago/2013:23:03:57 +0000] "GET /SteelBox4/javax.faces.resource/icons/cross.png.faces?ln= HTTP/1.1" 200 655 
0:0:0:0:0:0:0:1 -  -  [11/Ago/2013:23:03:57 +0000] "GET /SteelBox4/javax.faces.resource/icons/add.png.faces?ln= HTTP/1.1" 200 733 
0:0:0:0:0:0:0:1 -  -  [11/Ago/2013:23:03:58 +0000] "GET /SteelBox4/javax.faces.resource/icons/xml.png.faces HTTP/1.1" 200 3732 
0:0:0:0:0:0:0:1 -  -  [11/Ago/2013:23:03:58 +0000] "GET /SteelBox4/javax.faces.resource/icons/xls.png.faces HTTP/1.1" 200 3518 
0:0:0:0:0:0:0:1 -  -  [11/Ago/2013:23:03:58 +0000] "GET /SteelBox4/javax.faces.resource/icons/csv.png.faces HTTP/1.1" 200 3310 
0:0:0:0:0:0:0:1 -  -  [11/Ago/2013:23:03:58 +0000] "GET /SteelBox4/javax.faces.resource/editor/images/toolbar.gif.faces?ln=primefaces HTTP/1.1" 200 68 
0:0:0:0:0:0:0:1 -  -  [11/Ago/2013:23:03:58 +0000] "GET /SteelBox4/javax.faces.resource/editor/images/buttons.gif.faces?ln=primefaces HTTP/1.1" 200 3064 
0:0:0:0:0:0:0:1 -  -  [11/Ago/2013:23:04:04 +0000] "POST /SteelBox4/domain/osEdit.faces HTTP/1.1" 200 192 
0:0:0:0:0:0:0:1 -  -  [11/Ago/2013:23:04:05 +0000] "POST /SteelBox4/domain/osEdit.faces HTTP/1.1" 302 0 
0:0:0:0:0:0:0:1 -  -  [11/Ago/2013:23:04:05 +0000] "GET /SteelBox4/domain/osSelect.faces?_cid=1c1 HTTP/1.1" 200 8163 
0:0:0:0:0:0:0:1 -  -  [11/Ago/2013:23:04:06 +0000] "GET /SteelBox4/javax.faces.resource/theme.css.faces?ln=primefaces-bootstrap HTTP/1.1" 304 0 
0:0:0:0:0:0:0:1 -  -  [11/Ago/2013:23:04:06 +0000] "GET /SteelBox4/javax.faces.resource/primefaces.css.faces?ln=primefaces HTTP/1.1" 304 0 
0:0:0:0:0:0:0:1 -  -  [11/Ago/2013:23:04:06 +0000] "GET /SteelBox4/javax.faces.resource/css/bootstrap.css.faces HTTP/1.1" 200 7020 
0:0:0:0:0:0:0:1 -  -  [11/Ago/2013:23:04:06 +0000] "GET /SteelBox4/javax.faces.resource/css/bootstrap-responsive.css.faces HTTP/1.1" 200 16553 
0:0:0:0:0:0:0:1 -  -  [11/Ago/2013:23:04:06 +0000] "GET /SteelBox4/javax.faces.resource/layout/layout.css.faces?ln=primefaces HTTP/1.1" 304 0 
0:0:0:0:0:0:0:1 -  -  [11/Ago/2013:23:04:06 +0000] "GET /SteelBox4/javax.faces.resource/jquery/jquery.js.faces?ln=primefaces HTTP/1.1" 304 0 
0:0:0:0:0:0:0:1 -  -  [11/Ago/2013:23:04:06 +0000] "GET /SteelBox4/javax.faces.resource/css/beoro.css.faces HTTP/1.1" 200 52091 
0:0:0:0:0:0:0:1 -  -  [11/Ago/2013:23:04:06 +0000] "GET /SteelBox4/javax.faces.resource/primefaces.js.faces?ln=primefaces HTTP/1.1" 304 0 
0:0:0:0:0:0:0:1 -  -  [11/Ago/2013:23:04:06 +0000] "GET /SteelBox4/javax.faces.resource/layout/layout.js.faces?ln=primefaces HTTP/1.1" 304 0 
0:0:0:0:0:0:0:1 -  -  [11/Ago/2013:23:04:06 +0000] "GET /SteelBox4/javax.faces.resource/js/main.js.faces HTTP/1.1" 200 3931 
0:0:0:0:0:0:0:1 -  -  [11/Ago/2013:23:04:06 +0000] "GET /SteelBox4/javax.faces.resource/locale-primefaces.js.faces?ln=js HTTP/1.1" 200 1511 
0:0:0:0:0:0:0:1 -  -  [11/Ago/2013:23:04:06 +0000] "GET /SteelBox4/javax.faces.resource/jquery/jquery-plugins.js.faces?ln=primefaces HTTP/1.1" 304 0 
0:0:0:0:0:0:0:1 -  -  [11/Ago/2013:23:04:06 +0000] "GET /SteelBox4/javax.faces.resource/shortcut.js.faces?ln=js HTTP/1.1" 200 5793 
0:0:0:0:0:0:0:1 -  -  [11/Ago/2013:23:04:06 +0000] "GET /SteelBox4/javax.faces.resource/css/main.css.faces HTTP/1.1" 200 9296 
0:0:0:0:0:0:0:1 -  -  [11/Ago/2013:23:04:06 +0000] "GET /SteelBox4/javax.faces.resource/css/icsw2_16.css.faces HTTP/1.1" 200 13815 
0:0:0:0:0:0:0:1 -  -  [11/Ago/2013:23:04:06 +0000] "GET /SteelBox4/javax.faces.resource/jsf.js.faces?ln=javax.faces&stage=Development HTTP/1.1" 304 0 
0:0:0:0:0:0:0:1 -  -  [11/Ago/2013:23:04:06 +0000] "GET /SteelBox4/javax.faces.resource/img/sem_foto.gif.faces HTTP/1.1" 200 6603 
0:0:0:0:0:0:0:1 -  -  [11/Ago/2013:23:04:06 +0000] "GET /SteelBox4/javax.faces.resource/img/logo.png.faces HTTP/1.1" 200 6152 
0:0:0:0:0:0:0:1 -  -  [11/Ago/2013:23:04:06 +0000] "GET /SteelBox4/javax.faces.resource/icons/ajaxloading.gif.faces HTTP/1.1" 200 1849 
0:0:0:0:0:0:0:1 -  -  [11/Ago/2013:23:04:06 +0000] "GET /SteelBox4/javax.faces.resource/icons/xls.png.faces HTTP/1.1" 200 3518 
0:0:0:0:0:0:0:1 -  -  [11/Ago/2013:23:04:06 +0000] "GET /SteelBox4/javax.faces.resource/icons/pdf.png.faces HTTP/1.1" 200 3197 
0:0:0:0:0:0:0:1 -  -  [11/Ago/2013:23:04:06 +0000] "GET /SteelBox4/javax.faces.resource/icons/csv.png.faces HTTP/1.1" 200 3310 
0:0:0:0:0:0:0:1 -  -  [11/Ago/2013:23:04:06 +0000] "GET /SteelBox4/javax.faces.resource/icons/xml.png.faces HTTP/1.1" 200 3732 
0:0:0:0:0:0:0:1 -  -  [11/Ago/2013:23:04:06 +0000] "GET /SteelBox4/javax.faces.resource/images/ui-icons_333333_256x240.png.faces?ln=primefaces-bootstrap HTTP/1.1" 304 0 
0:0:0:0:0:0:0:1 -  -  [11/Ago/2013:23:04:06 +0000] "GET /SteelBox4/javax.faces.resource/img/icsw2_16.png.faces?ln= HTTP/1.1" 200 23662 
0:0:0:0:0:0:0:1 -  -  [11/Ago/2013:23:04:06 +0000] "GET /SteelBox4/javax.faces.resource/icons/environment/development.gif.faces?ln= HTTP/1.1" 200 1589 
0:0:0:0:0:0:0:1 -  -  [11/Ago/2013:23:04:06 +0000] "GET /SteelBox4/javax.faces.resource/icons/find.png.faces?ln= HTTP/1.1" 200 659 
0:0:0:0:0:0:0:1 -  -  [11/Ago/2013:23:04:06 +0000] "GET /SteelBox4/javax.faces.resource/icons/excel.png.faces?ln= HTTP/1.1" 200 601 
0:0:0:0:0:0:0:1 -  -  [11/Ago/2013:23:04:06 +0000] "GET /SteelBox4/javax.faces.resource/icons/cross.png.faces?ln= HTTP/1.1" 200 655 
0:0:0:0:0:0:0:1 -  -  [11/Ago/2013:23:04:06 +0000] "GET /SteelBox4/javax.faces.resource/icons/eye.png.faces?ln= HTTP/1.1" 200 750 
0:0:0:0:0:0:0:1 -  -  [11/Ago/2013:23:04:06 +0000] "GET /SteelBox4/javax.faces.resource/icons/pencil.png.faces?ln= HTTP/1.1" 200 450 
0:0:0:0:0:0:0:1 -  -  [11/Ago/2013:23:04:10 +0000] "POST /SteelBox4/domain/osSelect.faces HTTP/1.1" 200 147 
0:0:0:0:0:0:0:1 -  -  [11/Ago/2013:23:04:10 +0000] "GET /SteelBox4/domain/roleSelect.faces?_cid=2c1 HTTP/1.1" 200 6904 
0:0:0:0:0:0:0:1 -  -  [11/Ago/2013:23:04:10 +0000] "GET /SteelBox4/javax.faces.resource/theme.css.faces?ln=primefaces-bootstrap HTTP/1.1" 304 0 
0:0:0:0:0:0:0:1 -  -  [11/Ago/2013:23:04:10 +0000] "GET /SteelBox4/javax.faces.resource/css/bootstrap.css.faces HTTP/1.1" 200 7020 
0:0:0:0:0:0:0:1 -  -  [11/Ago/2013:23:04:10 +0000] "GET /SteelBox4/javax.faces.resource/css/bootstrap-responsive.css.faces HTTP/1.1" 200 16553 
0:0:0:0:0:0:0:1 -  -  [11/Ago/2013:23:04:10 +0000] "GET /SteelBox4/javax.faces.resource/layout/layout.css.faces?ln=primefaces HTTP/1.1" 304 0 
0:0:0:0:0:0:0:1 -  -  [11/Ago/2013:23:04:10 +0000] "GET /SteelBox4/javax.faces.resource/jquery/jquery.js.faces?ln=primefaces HTTP/1.1" 304 0 
0:0:0:0:0:0:0:1 -  -  [11/Ago/2013:23:04:10 +0000] "GET /SteelBox4/javax.faces.resource/jquery/jquery-plugins.js.faces?ln=primefaces HTTP/1.1" 304 0 
0:0:0:0:0:0:0:1 -  -  [11/Ago/2013:23:04:10 +0000] "GET /SteelBox4/javax.faces.resource/layout/layout.js.faces?ln=primefaces HTTP/1.1" 304 0 
0:0:0:0:0:0:0:1 -  -  [11/Ago/2013:23:04:10 +0000] "GET /SteelBox4/javax.faces.resource/primefaces.js.faces?ln=primefaces HTTP/1.1" 304 0 
0:0:0:0:0:0:0:1 -  -  [11/Ago/2013:23:04:10 +0000] "GET /SteelBox4/javax.faces.resource/primefaces.css.faces?ln=primefaces HTTP/1.1" 304 0 
0:0:0:0:0:0:0:1 -  -  [11/Ago/2013:23:04:10 +0000] "GET /SteelBox4/javax.faces.resource/js/main.js.faces HTTP/1.1" 200 3931 
0:0:0:0:0:0:0:1 -  -  [11/Ago/2013:23:04:10 +0000] "GET /SteelBox4/javax.faces.resource/css/beoro.css.faces HTTP/1.1" 200 52091 
0:0:0:0:0:0:0:1 -  -  [11/Ago/2013:23:04:10 +0000] "GET /SteelBox4/javax.faces.resource/locale-primefaces.js.faces?ln=js HTTP/1.1" 200 1511 
0:0:0:0:0:0:0:1 -  -  [11/Ago/2013:23:04:10 +0000] "GET /SteelBox4/javax.faces.resource/shortcut.js.faces?ln=js HTTP/1.1" 200 5793 
0:0:0:0:0:0:0:1 -  -  [11/Ago/2013:23:04:10 +0000] "GET /SteelBox4/javax.faces.resource/css/main.css.faces HTTP/1.1" 200 9296 
0:0:0:0:0:0:0:1 -  -  [11/Ago/2013:23:04:10 +0000] "GET /SteelBox4/javax.faces.resource/css/icsw2_16.css.faces HTTP/1.1" 200 13815 
0:0:0:0:0:0:0:1 -  -  [11/Ago/2013:23:04:10 +0000] "GET /SteelBox4/javax.faces.resource/jsf.js.faces?ln=javax.faces&stage=Development HTTP/1.1" 304 0 
0:0:0:0:0:0:0:1 -  -  [11/Ago/2013:23:04:11 +0000] "GET /SteelBox4/javax.faces.resource/icons/pdf.png.faces HTTP/1.1" 200 3197 
0:0:0:0:0:0:0:1 -  -  [11/Ago/2013:23:04:11 +0000] "GET /SteelBox4/javax.faces.resource/icons/xls.png.faces HTTP/1.1" 200 3518 
0:0:0:0:0:0:0:1 -  -  [11/Ago/2013:23:04:11 +0000] "GET /SteelBox4/javax.faces.resource/icons/ajaxloading.gif.faces HTTP/1.1" 200 1849 
0:0:0:0:0:0:0:1 -  -  [11/Ago/2013:23:04:11 +0000] "GET /SteelBox4/javax.faces.resource/img/logo.png.faces HTTP/1.1" 200 6152 
0:0:0:0:0:0:0:1 -  -  [11/Ago/2013:23:04:11 +0000] "GET /SteelBox4/javax.faces.resource/icons/xml.png.faces HTTP/1.1" 200 3732 
0:0:0:0:0:0:0:1 -  -  [11/Ago/2013:23:04:11 +0000] "GET /SteelBox4/javax.faces.resource/img/sem_foto.gif.faces HTTP/1.1" 200 6603 
0:0:0:0:0:0:0:1 -  -  [11/Ago/2013:23:04:11 +0000] "GET /SteelBox4/javax.faces.resource/icons/csv.png.faces HTTP/1.1" 200 3310 
0:0:0:0:0:0:0:1 -  -  [11/Ago/2013:23:04:11 +0000] "GET /SteelBox4/javax.faces.resource/icons/find.png.faces?ln= HTTP/1.1" 200 659 
0:0:0:0:0:0:0:1 -  -  [11/Ago/2013:23:04:11 +0000] "GET /SteelBox4/javax.faces.resource/images/ui-icons_333333_256x240.png.faces?ln=primefaces-bootstrap HTTP/1.1" 304 0 
0:0:0:0:0:0:0:1 -  -  [11/Ago/2013:23:04:11 +0000] "GET /SteelBox4/javax.faces.resource/icons/environment/development.gif.faces?ln= HTTP/1.1" 200 1589 
0:0:0:0:0:0:0:1 -  -  [11/Ago/2013:23:04:11 +0000] "GET /SteelBox4/javax.faces.resource/icons/pencil.png.faces?ln= HTTP/1.1" 200 450 
0:0:0:0:0:0:0:1 -  -  [11/Ago/2013:23:04:11 +0000] "GET /SteelBox4/javax.faces.resource/icons/eye.png.faces?ln= HTTP/1.1" 200 750 
0:0:0:0:0:0:0:1 -  -  [11/Ago/2013:23:04:11 +0000] "GET /SteelBox4/javax.faces.resource/icons/cross.png.faces?ln= HTTP/1.1" 200 655 
0:0:0:0:0:0:0:1 -  -  [11/Ago/2013:23:04:11 +0000] "GET /SteelBox4/javax.faces.resource/icons/excel.png.faces?ln= HTTP/1.1" 200 601 
0:0:0:0:0:0:0:1 -  -  [11/Ago/2013:23:04:11 +0000] "GET /SteelBox4/javax.faces.resource/img/icsw2_16.png.faces?ln= HTTP/1.1" 200 23662 
0:0:0:0:0:0:0:1 -  -  [11/Ago/2013:23:04:13 +0000] "POST /SteelBox4/domain/roleSelect.faces HTTP/1.1" 302 0 
0:0:0:0:0:0:0:1 -  -  [11/Ago/2013:23:04:14 +0000] "GET /SteelBox4/home.faces HTTP/1.1" 200 5717 
0:0:0:0:0:0:0:1 -  -  [11/Ago/2013:23:04:14 +0000] "GET /SteelBox4/javax.faces.resource/theme.css.faces?ln=primefaces-bootstrap HTTP/1.1" 304 0 
0:0:0:0:0:0:0:1 -  -  [11/Ago/2013:23:04:14 +0000] "GET /SteelBox4/javax.faces.resource/primefaces.css.faces?ln=primefaces HTTP/1.1" 304 0 
0:0:0:0:0:0:0:1 -  -  [11/Ago/2013:23:04:14 +0000] "GET /SteelBox4/javax.faces.resource/layout/layout.css.faces?ln=primefaces HTTP/1.1" 304 0 
0:0:0:0:0:0:0:1 -  -  [11/Ago/2013:23:04:14 +0000] "GET /SteelBox4/javax.faces.resource/jquery/jquery.js.faces?ln=primefaces HTTP/1.1" 304 0 
0:0:0:0:0:0:0:1 -  -  [11/Ago/2013:23:04:14 +0000] "GET /SteelBox4/javax.faces.resource/primefaces.js.faces?ln=primefaces HTTP/1.1" 304 0 
0:0:0:0:0:0:0:1 -  -  [11/Ago/2013:23:04:14 +0000] "GET /SteelBox4/javax.faces.resource/jquery/jquery-plugins.js.faces?ln=primefaces HTTP/1.1" 304 0 
0:0:0:0:0:0:0:1 -  -  [11/Ago/2013:23:04:14 +0000] "GET /SteelBox4/javax.faces.resource/layout/layout.js.faces?ln=primefaces HTTP/1.1" 304 0 
0:0:0:0:0:0:0:1 -  -  [11/Ago/2013:23:04:14 +0000] "GET /SteelBox4/javax.faces.resource/css/bootstrap.css.faces HTTP/1.1" 200 7020 
0:0:0:0:0:0:0:1 -  -  [11/Ago/2013:23:04:14 +0000] "GET /SteelBox4/javax.faces.resource/css/bootstrap-responsive.css.faces HTTP/1.1" 200 16553 
0:0:0:0:0:0:0:1 -  -  [11/Ago/2013:23:04:14 +0000] "GET /SteelBox4/javax.faces.resource/locale-primefaces.js.faces?ln=js HTTP/1.1" 200 1511 
0:0:0:0:0:0:0:1 -  -  [11/Ago/2013:23:04:14 +0000] "GET /SteelBox4/javax.faces.resource/shortcut.js.faces?ln=js HTTP/1.1" 200 5793 
0:0:0:0:0:0:0:1 -  -  [11/Ago/2013:23:04:14 +0000] "GET /SteelBox4/javax.faces.resource/js/main.js.faces HTTP/1.1" 200 3931 
0:0:0:0:0:0:0:1 -  -  [11/Ago/2013:23:04:14 +0000] "GET /SteelBox4/javax.faces.resource/css/beoro.css.faces HTTP/1.1" 200 52091 
0:0:0:0:0:0:0:1 -  -  [11/Ago/2013:23:04:14 +0000] "GET /SteelBox4/javax.faces.resource/css/main.css.faces HTTP/1.1" 200 9296 
0:0:0:0:0:0:0:1 -  -  [11/Ago/2013:23:04:14 +0000] "GET /SteelBox4/javax.faces.resource/css/icsw2_16.css.faces HTTP/1.1" 200 13815 
0:0:0:0:0:0:0:1 -  -  [11/Ago/2013:23:04:14 +0000] "GET /SteelBox4/javax.faces.resource/jsf.js.faces?ln=javax.faces&stage=Development HTTP/1.1" 304 0 
0:0:0:0:0:0:0:1 -  -  [11/Ago/2013:23:04:14 +0000] "GET /SteelBox4/javax.faces.resource/images/ui-icons_333333_256x240.png.faces?ln=primefaces-bootstrap HTTP/1.1" 304 0 
0:0:0:0:0:0:0:1 -  -  [11/Ago/2013:23:04:14 +0000] "GET /SteelBox4/javax.faces.resource/icons/environment/development.gif.faces?ln= HTTP/1.1" 200 1589 
0:0:0:0:0:0:0:1 -  -  [11/Ago/2013:23:04:14 +0000] "GET /SteelBox4/javax.faces.resource/img/logo.png.faces HTTP/1.1" 200 6152 
0:0:0:0:0:0:0:1 -  -  [11/Ago/2013:23:04:14 +0000] "GET /SteelBox4/javax.faces.resource/img/sem_foto.gif.faces HTTP/1.1" 200 6603 
0:0:0:0:0:0:0:1 -  -  [11/Ago/2013:23:04:14 +0000] "GET /SteelBox4/javax.faces.resource/img/icsw2_16.png.faces?ln= HTTP/1.1" 200 23662 
0:0:0:0:0:0:0:1 -  -  [11/Ago/2013:23:04:16 +0000] "POST /SteelBox4/home.faces HTTP/1.1" 200 150 
0:0:0:0:0:0:0:1 -  -  [11/Ago/2013:23:04:16 +0000] "GET /SteelBox4/domain/accountSelect.faces?_cid=3c1 HTTP/1.1" 200 7412 
0:0:0:0:0:0:0:1 -  -  [11/Ago/2013:23:04:16 +0000] "GET /SteelBox4/javax.faces.resource/theme.css.faces?ln=primefaces-bootstrap HTTP/1.1" 304 0 
0:0:0:0:0:0:0:1 -  -  [11/Ago/2013:23:04:16 +0000] "GET /SteelBox4/javax.faces.resource/css/bootstrap.css.faces HTTP/1.1" 200 7020 
0:0:0:0:0:0:0:1 -  -  [11/Ago/2013:23:04:16 +0000] "GET /SteelBox4/javax.faces.resource/primefaces.css.faces?ln=primefaces HTTP/1.1" 304 0 
0:0:0:0:0:0:0:1 -  -  [11/Ago/2013:23:04:16 +0000] "GET /SteelBox4/javax.faces.resource/css/bootstrap-responsive.css.faces HTTP/1.1" 200 16553 
0:0:0:0:0:0:0:1 -  -  [11/Ago/2013:23:04:16 +0000] "GET /SteelBox4/javax.faces.resource/layout/layout.css.faces?ln=primefaces HTTP/1.1" 304 0 
0:0:0:0:0:0:0:1 -  -  [11/Ago/2013:23:04:16 +0000] "GET /SteelBox4/javax.faces.resource/primefaces.js.faces?ln=primefaces HTTP/1.1" 304 0 
0:0:0:0:0:0:0:1 -  -  [11/Ago/2013:23:04:16 +0000] "GET /SteelBox4/javax.faces.resource/jquery/jquery-plugins.js.faces?ln=primefaces HTTP/1.1" 304 0 
0:0:0:0:0:0:0:1 -  -  [11/Ago/2013:23:04:16 +0000] "GET /SteelBox4/javax.faces.resource/layout/layout.js.faces?ln=primefaces HTTP/1.1" 304 0 
0:0:0:0:0:0:0:1 -  -  [11/Ago/2013:23:04:16 +0000] "GET /SteelBox4/javax.faces.resource/js/main.js.faces HTTP/1.1" 200 3931 
0:0:0:0:0:0:0:1 -  -  [11/Ago/2013:23:04:16 +0000] "GET /SteelBox4/javax.faces.resource/locale-primefaces.js.faces?ln=js HTTP/1.1" 200 1511 
0:0:0:0:0:0:0:1 -  -  [11/Ago/2013:23:04:16 +0000] "GET /SteelBox4/javax.faces.resource/shortcut.js.faces?ln=js HTTP/1.1" 200 5793 
0:0:0:0:0:0:0:1 -  -  [11/Ago/2013:23:04:16 +0000] "GET /SteelBox4/javax.faces.resource/jquery/jquery.js.faces?ln=primefaces HTTP/1.1" 304 0 
0:0:0:0:0:0:0:1 -  -  [11/Ago/2013:23:04:16 +0000] "GET /SteelBox4/javax.faces.resource/css/main.css.faces HTTP/1.1" 200 9296 
0:0:0:0:0:0:0:1 -  -  [11/Ago/2013:23:04:16 +0000] "GET /SteelBox4/javax.faces.resource/css/beoro.css.faces HTTP/1.1" 200 52091 
0:0:0:0:0:0:0:1 -  -  [11/Ago/2013:23:04:16 +0000] "GET /SteelBox4/javax.faces.resource/css/icsw2_16.css.faces HTTP/1.1" 200 13815 
0:0:0:0:0:0:0:1 -  -  [11/Ago/2013:23:04:16 +0000] "GET /SteelBox4/javax.faces.resource/jsf.js.faces?ln=javax.faces&stage=Development HTTP/1.1" 304 0 
0:0:0:0:0:0:0:1 -  -  [11/Ago/2013:23:04:16 +0000] "GET /SteelBox4/javax.faces.resource/icons/tick.png.faces HTTP/1.1" 200 537 
0:0:0:0:0:0:0:1 -  -  [11/Ago/2013:23:04:17 +0000] "GET /SteelBox4/javax.faces.resource/icons/ajaxloading.gif.faces HTTP/1.1" 200 1849 
0:0:0:0:0:0:0:1 -  -  [11/Ago/2013:23:04:17 +0000] "GET /SteelBox4/javax.faces.resource/img/sem_foto.gif.faces HTTP/1.1" 200 6603 
0:0:0:0:0:0:0:1 -  -  [11/Ago/2013:23:04:17 +0000] "GET /SteelBox4/javax.faces.resource/img/logo.png.faces HTTP/1.1" 200 6152 
0:0:0:0:0:0:0:1 -  -  [11/Ago/2013:23:04:17 +0000] "GET /SteelBox4/javax.faces.resource/images/ui-icons_333333_256x240.png.faces?ln=primefaces-bootstrap HTTP/1.1" 304 0 
0:0:0:0:0:0:0:1 -  -  [11/Ago/2013:23:04:17 +0000] "GET /SteelBox4/javax.faces.resource/icons/excel.png.faces?ln= HTTP/1.1" 200 601 
0:0:0:0:0:0:0:1 -  -  [11/Ago/2013:23:04:17 +0000] "GET /SteelBox4/javax.faces.resource/img/icsw2_16.png.faces?ln= HTTP/1.1" 200 23662 
0:0:0:0:0:0:0:1 -  -  [11/Ago/2013:23:04:17 +0000] "GET /SteelBox4/javax.faces.resource/icons/find.png.faces?ln= HTTP/1.1" 200 659 
0:0:0:0:0:0:0:1 -  -  [11/Ago/2013:23:04:17 +0000] "GET /SteelBox4/javax.faces.resource/icons/environment/development.gif.faces?ln= HTTP/1.1" 200 1589 
0:0:0:0:0:0:0:1 -  -  [11/Ago/2013:23:04:17 +0000] "GET /SteelBox4/javax.faces.resource/icons/cross.png.faces?ln= HTTP/1.1" 200 655 
0:0:0:0:0:0:0:1 -  -  [11/Ago/2013:23:04:17 +0000] "GET /SteelBox4/javax.faces.resource/icons/pencil.png.faces?ln= HTTP/1.1" 200 450 
0:0:0:0:0:0:0:1 -  -  [11/Ago/2013:23:04:17 +0000] "GET /SteelBox4/javax.faces.resource/icons/eye.png.faces?ln= HTTP/1.1" 200 750 
0:0:0:0:0:0:0:1 -  -  [11/Ago/2013:23:04:17 +0000] "GET /SteelBox4/javax.faces.resource/icons/xls.png.faces HTTP/1.1" 200 3518 
0:0:0:0:0:0:0:1 -  -  [11/Ago/2013:23:04:17 +0000] "GET /SteelBox4/javax.faces.resource/icons/pdf.png.faces HTTP/1.1" 200 3197 
0:0:0:0:0:0:0:1 -  -  [11/Ago/2013:23:04:17 +0000] "GET /SteelBox4/javax.faces.resource/icons/xml.png.faces HTTP/1.1" 200 3732 
0:0:0:0:0:0:0:1 -  -  [11/Ago/2013:23:04:17 +0000] "GET /SteelBox4/javax.faces.resource/icons/csv.png.faces HTTP/1.1" 200 3310 
0:0:0:0:0:0:0:1 -  -  [11/Ago/2013:23:04:18 +0000] "POST /SteelBox4/domain/accountSelect.faces HTTP/1.1" 200 148 
0:0:0:0:0:0:0:1 -  -  [11/Ago/2013:23:04:18 +0000] "GET /SteelBox4/domain/accountEdit.faces?_cid=3c2 HTTP/1.1" 200 8327 
0:0:0:0:0:0:0:1 -  -  [11/Ago/2013:23:04:18 +0000] "GET /SteelBox4/javax.faces.resource/theme.css.faces?ln=primefaces-bootstrap HTTP/1.1" 304 0 
0:0:0:0:0:0:0:1 -  -  [11/Ago/2013:23:04:18 +0000] "GET /SteelBox4/javax.faces.resource/css/bootstrap-responsive.css.faces HTTP/1.1" 200 16553 
0:0:0:0:0:0:0:1 -  -  [11/Ago/2013:23:04:18 +0000] "GET /SteelBox4/javax.faces.resource/layout/layout.css.faces?ln=primefaces HTTP/1.1" 304 0 
0:0:0:0:0:0:0:1 -  -  [11/Ago/2013:23:04:18 +0000] "GET /SteelBox4/javax.faces.resource/primefaces.css.faces?ln=primefaces HTTP/1.1" 304 0 
0:0:0:0:0:0:0:1 -  -  [11/Ago/2013:23:04:18 +0000] "GET /SteelBox4/javax.faces.resource/fileupload/fileupload.css.faces?ln=primefaces HTTP/1.1" 304 0 
0:0:0:0:0:0:0:1 -  -  [11/Ago/2013:23:04:18 +0000] "GET /SteelBox4/javax.faces.resource/jquery/jquery.js.faces?ln=primefaces HTTP/1.1" 304 0 
0:0:0:0:0:0:0:1 -  -  [11/Ago/2013:23:04:18 +0000] "GET /SteelBox4/javax.faces.resource/primefaces.js.faces?ln=primefaces HTTP/1.1" 304 0 
0:0:0:0:0:0:0:1 -  -  [11/Ago/2013:23:04:18 +0000] "GET /SteelBox4/javax.faces.resource/css/bootstrap.css.faces HTTP/1.1" 200 7020 
0:0:0:0:0:0:0:1 -  -  [11/Ago/2013:23:04:18 +0000] "GET /SteelBox4/javax.faces.resource/jquery/jquery-plugins.js.faces?ln=primefaces HTTP/1.1" 304 0 
0:0:0:0:0:0:0:1 -  -  [11/Ago/2013:23:04:18 +0000] "GET /SteelBox4/javax.faces.resource/js/main.js.faces HTTP/1.1" 200 3931 
0:0:0:0:0:0:0:1 -  -  [11/Ago/2013:23:04:18 +0000] "GET /SteelBox4/javax.faces.resource/locale-primefaces.js.faces?ln=js HTTP/1.1" 200 1511 
0:0:0:0:0:0:0:1 -  -  [11/Ago/2013:23:04:18 +0000] "GET /SteelBox4/javax.faces.resource/shortcut.js.faces?ln=js HTTP/1.1" 200 5793 
0:0:0:0:0:0:0:1 -  -  [11/Ago/2013:23:04:18 +0000] "GET /SteelBox4/javax.faces.resource/css/beoro.css.faces HTTP/1.1" 200 52091 
0:0:0:0:0:0:0:1 -  -  [11/Ago/2013:23:04:18 +0000] "GET /SteelBox4/javax.faces.resource/fileupload/fileupload.js.faces?ln=primefaces HTTP/1.1" 304 0 
0:0:0:0:0:0:0:1 -  -  [11/Ago/2013:23:04:18 +0000] "GET /SteelBox4/javax.faces.resource/layout/layout.js.faces?ln=primefaces HTTP/1.1" 304 0 
0:0:0:0:0:0:0:1 -  -  [11/Ago/2013:23:04:18 +0000] "GET /SteelBox4/javax.faces.resource/css/main.css.faces HTTP/1.1" 200 9296 
0:0:0:0:0:0:0:1 -  -  [11/Ago/2013:23:04:18 +0000] "GET /SteelBox4/javax.faces.resource/css/icsw2_16.css.faces HTTP/1.1" 200 13815 
0:0:0:0:0:0:0:1 -  -  [11/Ago/2013:23:04:18 +0000] "GET /SteelBox4/javax.faces.resource/jsf.js.faces?ln=javax.faces&stage=Development HTTP/1.1" 304 0 
0:0:0:0:0:0:0:1 -  -  [11/Ago/2013:23:04:19 +0000] "GET /SteelBox4/javax.faces.resource/images/ui-icons_333333_256x240.png.faces?ln=primefaces-bootstrap HTTP/1.1" 304 0 
0:0:0:0:0:0:0:1 -  -  [11/Ago/2013:23:04:19 +0000] "GET /SteelBox4/javax.faces.resource/img/sem_foto.gif.faces HTTP/1.1" 200 6603 
0:0:0:0:0:0:0:1 -  -  [11/Ago/2013:23:04:19 +0000] "GET /SteelBox4/javax.faces.resource/img/icsw2_16.png.faces?ln= HTTP/1.1" 200 23662 
0:0:0:0:0:0:0:1 -  -  [11/Ago/2013:23:04:19 +0000] "GET /SteelBox4/javax.faces.resource/icons/environment/development.gif.faces?ln= HTTP/1.1" 200 1589 
0:0:0:0:0:0:0:1 -  -  [11/Ago/2013:23:04:19 +0000] "GET /SteelBox4/javax.faces.resource/img/logo.png.faces HTTP/1.1" 200 6152 
0:0:0:0:0:0:0:1 -  -  [11/Ago/2013:23:04:19 +0000] "GET /SteelBox4/javax.faces.resource/icons/cross.png.faces?ln= HTTP/1.1" 200 655 
0:0:0:0:0:0:0:1 -  -  [11/Ago/2013:23:04:19 +0000] "GET /SteelBox4/javax.faces.resource/icons/pencil.png.faces?ln= HTTP/1.1" 200 450 
0:0:0:0:0:0:0:1 -  -  [11/Ago/2013:23:04:19 +0000] "GET /SteelBox4/javax.faces.resource/icons/find.png.faces?ln= HTTP/1.1" 200 659 
0:0:0:0:0:0:0:1 -  -  [11/Ago/2013:23:04:19 +0000] "GET /SteelBox4/javax.faces.resource/icons/pdf.png.faces HTTP/1.1" 200 3197 
0:0:0:0:0:0:0:1 -  -  [11/Ago/2013:23:04:19 +0000] "GET /SteelBox4/javax.faces.resource/icons/csv.png.faces HTTP/1.1" 200 3310 
0:0:0:0:0:0:0:1 -  -  [11/Ago/2013:23:04:19 +0000] "GET /SteelBox4/javax.faces.resource/icons/xls.png.faces HTTP/1.1" 200 3518 
0:0:0:0:0:0:0:1 -  -  [11/Ago/2013:23:04:19 +0000] "GET /SteelBox4/javax.faces.resource/icons/xml.png.faces HTTP/1.1" 200 3732 
0:0:0:0:0:0:0:1 -  -  [11/Ago/2013:23:04:19 +0000] "GET /SteelBox4/javax.faces.resource/icons/eye.png.faces?ln= HTTP/1.1" 200 750 
0:0:0:0:0:0:0:1 -  -  [11/Ago/2013:23:04:19 +0000] "GET /SteelBox4/javax.faces.resource/icons/add.png.faces?ln= HTTP/1.1" 200 733 
0:0:0:0:0:0:0:1 -  -  [11/Ago/2013:23:04:21 +0000] "POST /SteelBox4/domain/accountEdit.faces HTTP/1.1" 200 150 
0:0:0:0:0:0:0:1 -  -  [11/Ago/2013:23:04:21 +0000] "GET /SteelBox4/domain/accountSelect.faces?_cid=3c1 HTTP/1.1" 200 7657 
0:0:0:0:0:0:0:1 -  -  [11/Ago/2013:23:04:21 +0000] "GET /SteelBox4/javax.faces.resource/theme.css.faces?ln=primefaces-bootstrap HTTP/1.1" 304 0 
0:0:0:0:0:0:0:1 -  -  [11/Ago/2013:23:04:21 +0000] "GET /SteelBox4/javax.faces.resource/primefaces.css.faces?ln=primefaces HTTP/1.1" 304 0 
0:0:0:0:0:0:0:1 -  -  [11/Ago/2013:23:04:21 +0000] "GET /SteelBox4/javax.faces.resource/css/bootstrap.css.faces HTTP/1.1" 200 7020 
0:0:0:0:0:0:0:1 -  -  [11/Ago/2013:23:04:21 +0000] "GET /SteelBox4/javax.faces.resource/css/bootstrap-responsive.css.faces HTTP/1.1" 200 16553 
0:0:0:0:0:0:0:1 -  -  [11/Ago/2013:23:04:21 +0000] "GET /SteelBox4/javax.faces.resource/primefaces.js.faces?ln=primefaces HTTP/1.1" 304 0 
0:0:0:0:0:0:0:1 -  -  [11/Ago/2013:23:04:21 +0000] "GET /SteelBox4/javax.faces.resource/layout/layout.css.faces?ln=primefaces HTTP/1.1" 304 0 
0:0:0:0:0:0:0:1 -  -  [11/Ago/2013:23:04:21 +0000] "GET /SteelBox4/javax.faces.resource/css/beoro.css.faces HTTP/1.1" 200 52091 
0:0:0:0:0:0:0:1 -  -  [11/Ago/2013:23:04:21 +0000] "GET /SteelBox4/javax.faces.resource/js/main.js.faces HTTP/1.1" 200 3931 
0:0:0:0:0:0:0:1 -  -  [11/Ago/2013:23:04:21 +0000] "GET /SteelBox4/javax.faces.resource/css/main.css.faces HTTP/1.1" 200 9296 
0:0:0:0:0:0:0:1 -  -  [11/Ago/2013:23:04:21 +0000] "GET /SteelBox4/javax.faces.resource/locale-primefaces.js.faces?ln=js HTTP/1.1" 200 1511 
0:0:0:0:0:0:0:1 -  -  [11/Ago/2013:23:04:21 +0000] "GET /SteelBox4/javax.faces.resource/jquery/jquery.js.faces?ln=primefaces HTTP/1.1" 304 0 
0:0:0:0:0:0:0:1 -  -  [11/Ago/2013:23:04:21 +0000] "GET /SteelBox4/javax.faces.resource/jquery/jquery-plugins.js.faces?ln=primefaces HTTP/1.1" 304 0 
0:0:0:0:0:0:0:1 -  -  [11/Ago/2013:23:04:21 +0000] "GET /SteelBox4/javax.faces.resource/shortcut.js.faces?ln=js HTTP/1.1" 200 5793 
0:0:0:0:0:0:0:1 -  -  [11/Ago/2013:23:04:21 +0000] "GET /SteelBox4/javax.faces.resource/layout/layout.js.faces?ln=primefaces HTTP/1.1" 304 0 
0:0:0:0:0:0:0:1 -  -  [11/Ago/2013:23:04:21 +0000] "GET /SteelBox4/javax.faces.resource/css/icsw2_16.css.faces HTTP/1.1" 200 13815 
0:0:0:0:0:0:0:1 -  -  [11/Ago/2013:23:04:21 +0000] "GET /SteelBox4/javax.faces.resource/jsf.js.faces?ln=javax.faces&stage=Development HTTP/1.1" 304 0 
0:0:0:0:0:0:0:1 -  -  [11/Ago/2013:23:04:21 +0000] "GET /SteelBox4/javax.faces.resource/icons/ajaxloading.gif.faces HTTP/1.1" 200 1849 
0:0:0:0:0:0:0:1 -  -  [11/Ago/2013:23:04:21 +0000] "GET /SteelBox4/javax.faces.resource/img/logo.png.faces HTTP/1.1" 200 6152 
0:0:0:0:0:0:0:1 -  -  [11/Ago/2013:23:04:22 +0000] "GET /SteelBox4/javax.faces.resource/images/ui-icons_333333_256x240.png.faces?ln=primefaces-bootstrap HTTP/1.1" 304 0 
0:0:0:0:0:0:0:1 -  -  [11/Ago/2013:23:04:21 +0000] "GET /SteelBox4/javax.faces.resource/img/sem_foto.gif.faces HTTP/1.1" 200 6603 
0:0:0:0:0:0:0:1 -  -  [11/Ago/2013:23:04:22 +0000] "GET /SteelBox4/javax.faces.resource/icons/tick.png.faces HTTP/1.1" 200 537 
0:0:0:0:0:0:0:1 -  -  [11/Ago/2013:23:04:22 +0000] "GET /SteelBox4/javax.faces.resource/icons/excel.png.faces?ln= HTTP/1.1" 200 601 
0:0:0:0:0:0:0:1 -  -  [11/Ago/2013:23:04:22 +0000] "GET /SteelBox4/javax.faces.resource/icons/find.png.faces?ln= HTTP/1.1" 200 659 
0:0:0:0:0:0:0:1 -  -  [11/Ago/2013:23:04:22 +0000] "GET /SteelBox4/javax.faces.resource/icons/pencil.png.faces?ln= HTTP/1.1" 200 450 
0:0:0:0:0:0:0:1 -  -  [11/Ago/2013:23:04:21 +0000] "GET /SteelBox4/javax.faces.resource/img/icsw2_16.png.faces?ln= HTTP/1.1" 200 23662 
0:0:0:0:0:0:0:1 -  -  [11/Ago/2013:23:04:22 +0000] "GET /SteelBox4/javax.faces.resource/icons/cross.png.faces?ln= HTTP/1.1" 200 655 
0:0:0:0:0:0:0:1 -  -  [11/Ago/2013:23:04:22 +0000] "GET /SteelBox4/javax.faces.resource/icons/xls.png.faces HTTP/1.1" 200 3518 
0:0:0:0:0:0:0:1 -  -  [11/Ago/2013:23:04:22 +0000] "GET /SteelBox4/javax.faces.resource/icons/pdf.png.faces HTTP/1.1" 200 3197 
0:0:0:0:0:0:0:1 -  -  [11/Ago/2013:23:04:22 +0000] "GET /SteelBox4/javax.faces.resource/icons/xml.png.faces HTTP/1.1" 200 3732 
0:0:0:0:0:0:0:1 -  -  [11/Ago/2013:23:04:22 +0000] "GET /SteelBox4/javax.faces.resource/icons/csv.png.faces HTTP/1.1" 200 3310 
0:0:0:0:0:0:0:1 -  -  [11/Ago/2013:23:04:21 +0000] "GET /SteelBox4/javax.faces.resource/icons/environment/development.gif.faces?ln= HTTP/1.1" 200 1589 
0:0:0:0:0:0:0:1 -  -  [11/Ago/2013:23:04:22 +0000] "GET /SteelBox4/javax.faces.resource/icons/eye.png.faces?ln= HTTP/1.1" 200 750 
0:0:0:0:0:0:0:1 -  -  [11/Ago/2013:23:04:22 +0000] "GET /SteelBox4/javax.faces.resource/messages/messages.png.faces?ln=primefaces HTTP/1.1" 200 27209 
0:0:0:0:0:0:0:1 -  -  [11/Ago/2013:23:04:23 +0000] "POST /SteelBox4/domain/accountSelect.faces HTTP/1.1" 302 0 
0:0:0:0:0:0:0:1 -  -  [11/Ago/2013:23:04:23 +0000] "GET /SteelBox4/home.faces HTTP/1.1" 200 5717 
0:0:0:0:0:0:0:1 -  -  [11/Ago/2013:23:04:23 +0000] "GET /SteelBox4/javax.faces.resource/css/bootstrap.css.faces HTTP/1.1" 200 7020 
0:0:0:0:0:0:0:1 -  -  [11/Ago/2013:23:04:23 +0000] "GET /SteelBox4/javax.faces.resource/primefaces.css.faces?ln=primefaces HTTP/1.1" 304 0 
0:0:0:0:0:0:0:1 -  -  [11/Ago/2013:23:04:23 +0000] "GET /SteelBox4/javax.faces.resource/theme.css.faces?ln=primefaces-bootstrap HTTP/1.1" 304 0 
0:0:0:0:0:0:0:1 -  -  [11/Ago/2013:23:04:23 +0000] "GET /SteelBox4/javax.faces.resource/layout/layout.css.faces?ln=primefaces HTTP/1.1" 304 0 
0:0:0:0:0:0:0:1 -  -  [11/Ago/2013:23:04:23 +0000] "GET /SteelBox4/javax.faces.resource/jquery/jquery.js.faces?ln=primefaces HTTP/1.1" 304 0 
0:0:0:0:0:0:0:1 -  -  [11/Ago/2013:23:04:23 +0000] "GET /SteelBox4/javax.faces.resource/primefaces.js.faces?ln=primefaces HTTP/1.1" 304 0 
0:0:0:0:0:0:0:1 -  -  [11/Ago/2013:23:04:23 +0000] "GET /SteelBox4/javax.faces.resource/css/beoro.css.faces HTTP/1.1" 200 52091 
0:0:0:0:0:0:0:1 -  -  [11/Ago/2013:23:04:23 +0000] "GET /SteelBox4/javax.faces.resource/layout/layout.js.faces?ln=primefaces HTTP/1.1" 304 0 
0:0:0:0:0:0:0:1 -  -  [11/Ago/2013:23:04:23 +0000] "GET /SteelBox4/javax.faces.resource/jquery/jquery-plugins.js.faces?ln=primefaces HTTP/1.1" 304 0 
0:0:0:0:0:0:0:1 -  -  [11/Ago/2013:23:04:23 +0000] "GET /SteelBox4/javax.faces.resource/locale-primefaces.js.faces?ln=js HTTP/1.1" 200 1511 
0:0:0:0:0:0:0:1 -  -  [11/Ago/2013:23:04:23 +0000] "GET /SteelBox4/javax.faces.resource/js/main.js.faces HTTP/1.1" 200 3931 
0:0:0:0:0:0:0:1 -  -  [11/Ago/2013:23:04:23 +0000] "GET /SteelBox4/javax.faces.resource/shortcut.js.faces?ln=js HTTP/1.1" 200 5793 
0:0:0:0:0:0:0:1 -  -  [11/Ago/2013:23:04:23 +0000] "GET /SteelBox4/javax.faces.resource/css/bootstrap-responsive.css.faces HTTP/1.1" 200 16553 
0:0:0:0:0:0:0:1 -  -  [11/Ago/2013:23:04:23 +0000] "GET /SteelBox4/javax.faces.resource/css/main.css.faces HTTP/1.1" 200 9296 
0:0:0:0:0:0:0:1 -  -  [11/Ago/2013:23:04:23 +0000] "GET /SteelBox4/javax.faces.resource/css/icsw2_16.css.faces HTTP/1.1" 200 13815 
0:0:0:0:0:0:0:1 -  -  [11/Ago/2013:23:04:23 +0000] "GET /SteelBox4/javax.faces.resource/jsf.js.faces?ln=javax.faces&stage=Development HTTP/1.1" 304 0 
0:0:0:0:0:0:0:1 -  -  [11/Ago/2013:23:04:23 +0000] "GET /SteelBox4/javax.faces.resource/img/logo.png.faces HTTP/1.1" 200 6152 
0:0:0:0:0:0:0:1 -  -  [11/Ago/2013:23:04:23 +0000] "GET /SteelBox4/javax.faces.resource/img/sem_foto.gif.faces HTTP/1.1" 200 6603 
0:0:0:0:0:0:0:1 -  -  [11/Ago/2013:23:04:23 +0000] "GET /SteelBox4/javax.faces.resource/images/ui-icons_333333_256x240.png.faces?ln=primefaces-bootstrap HTTP/1.1" 304 0 
0:0:0:0:0:0:0:1 -  -  [11/Ago/2013:23:04:23 +0000] "GET /SteelBox4/javax.faces.resource/icons/environment/development.gif.faces?ln= HTTP/1.1" 200 1589 
0:0:0:0:0:0:0:1 -  -  [11/Ago/2013:23:04:23 +0000] "GET /SteelBox4/javax.faces.resource/img/icsw2_16.png.faces?ln= HTTP/1.1" 200 23662 
0:0:0:0:0:0:0:1 -  -  [11/Ago/2013:23:04:26 +0000] "POST /SteelBox4/home.faces HTTP/1.1" 200 147 
0:0:0:0:0:0:0:1 -  -  [11/Ago/2013:23:04:26 +0000] "GET /SteelBox4/domain/roleSelect.faces?_cid=4c1 HTTP/1.1" 200 6906 
0:0:0:0:0:0:0:1 -  -  [11/Ago/2013:23:04:26 +0000] "GET /SteelBox4/javax.faces.resource/theme.css.faces?ln=primefaces-bootstrap HTTP/1.1" 304 0 
0:0:0:0:0:0:0:1 -  -  [11/Ago/2013:23:04:26 +0000] "GET /SteelBox4/javax.faces.resource/css/bootstrap.css.faces HTTP/1.1" 200 7020 
0:0:0:0:0:0:0:1 -  -  [11/Ago/2013:23:04:26 +0000] "GET /SteelBox4/javax.faces.resource/css/bootstrap-responsive.css.faces HTTP/1.1" 200 16553 
0:0:0:0:0:0:0:1 -  -  [11/Ago/2013:23:04:26 +0000] "GET /SteelBox4/javax.faces.resource/primefaces.css.faces?ln=primefaces HTTP/1.1" 304 0 
0:0:0:0:0:0:0:1 -  -  [11/Ago/2013:23:04:26 +0000] "GET /SteelBox4/javax.faces.resource/layout/layout.css.faces?ln=primefaces HTTP/1.1" 304 0 
0:0:0:0:0:0:0:1 -  -  [11/Ago/2013:23:04:26 +0000] "GET /SteelBox4/javax.faces.resource/jquery/jquery.js.faces?ln=primefaces HTTP/1.1" 304 0 
0:0:0:0:0:0:0:1 -  -  [11/Ago/2013:23:04:26 +0000] "GET /SteelBox4/javax.faces.resource/primefaces.js.faces?ln=primefaces HTTP/1.1" 304 0 
0:0:0:0:0:0:0:1 -  -  [11/Ago/2013:23:04:26 +0000] "GET /SteelBox4/javax.faces.resource/css/beoro.css.faces HTTP/1.1" 200 52091 
0:0:0:0:0:0:0:1 -  -  [11/Ago/2013:23:04:26 +0000] "GET /SteelBox4/javax.faces.resource/jquery/jquery-plugins.js.faces?ln=primefaces HTTP/1.1" 304 0 
0:0:0:0:0:0:0:1 -  -  [11/Ago/2013:23:04:26 +0000] "GET /SteelBox4/javax.faces.resource/layout/layout.js.faces?ln=primefaces HTTP/1.1" 304 0 
0:0:0:0:0:0:0:1 -  -  [11/Ago/2013:23:04:26 +0000] "GET /SteelBox4/javax.faces.resource/shortcut.js.faces?ln=js HTTP/1.1" 200 5793 
0:0:0:0:0:0:0:1 -  -  [11/Ago/2013:23:04:26 +0000] "GET /SteelBox4/javax.faces.resource/js/main.js.faces HTTP/1.1" 200 3931 
0:0:0:0:0:0:0:1 -  -  [11/Ago/2013:23:04:26 +0000] "GET /SteelBox4/javax.faces.resource/css/main.css.faces HTTP/1.1" 200 9296 
0:0:0:0:0:0:0:1 -  -  [11/Ago/2013:23:04:26 +0000] "GET /SteelBox4/javax.faces.resource/locale-primefaces.js.faces?ln=js HTTP/1.1" 200 1511 
0:0:0:0:0:0:0:1 -  -  [11/Ago/2013:23:04:26 +0000] "GET /SteelBox4/javax.faces.resource/css/icsw2_16.css.faces HTTP/1.1" 200 13815 
0:0:0:0:0:0:0:1 -  -  [11/Ago/2013:23:04:26 +0000] "GET /SteelBox4/javax.faces.resource/jsf.js.faces?ln=javax.faces&stage=Development HTTP/1.1" 304 0 
0:0:0:0:0:0:0:1 -  -  [11/Ago/2013:23:04:27 +0000] "GET /SteelBox4/javax.faces.resource/images/ui-icons_333333_256x240.png.faces?ln=primefaces-bootstrap HTTP/1.1" 304 0 
0:0:0:0:0:0:0:1 -  -  [11/Ago/2013:23:04:27 +0000] "GET /SteelBox4/javax.faces.resource/icons/ajaxloading.gif.faces HTTP/1.1" 200 1849 
0:0:0:0:0:0:0:1 -  -  [11/Ago/2013:23:04:27 +0000] "GET /SteelBox4/javax.faces.resource/img/logo.png.faces HTTP/1.1" 200 6152 
0:0:0:0:0:0:0:1 -  -  [11/Ago/2013:23:04:27 +0000] "GET /SteelBox4/javax.faces.resource/img/sem_foto.gif.faces HTTP/1.1" 200 6603 
0:0:0:0:0:0:0:1 -  -  [11/Ago/2013:23:04:27 +0000] "GET /SteelBox4/javax.faces.resource/icons/environment/development.gif.faces?ln= HTTP/1.1" 200 1589 
0:0:0:0:0:0:0:1 -  -  [11/Ago/2013:23:04:27 +0000] "GET /SteelBox4/javax.faces.resource/img/icsw2_16.png.faces?ln= HTTP/1.1" 200 23662 
0:0:0:0:0:0:0:1 -  -  [11/Ago/2013:23:04:27 +0000] "GET /SteelBox4/javax.faces.resource/icons/excel.png.faces?ln= HTTP/1.1" 200 601 
0:0:0:0:0:0:0:1 -  -  [11/Ago/2013:23:04:27 +0000] "GET /SteelBox4/javax.faces.resource/icons/cross.png.faces?ln= HTTP/1.1" 200 655 
0:0:0:0:0:0:0:1 -  -  [11/Ago/2013:23:04:27 +0000] "GET /SteelBox4/javax.faces.resource/icons/pdf.png.faces HTTP/1.1" 200 3197 
0:0:0:0:0:0:0:1 -  -  [11/Ago/2013:23:04:27 +0000] "GET /SteelBox4/javax.faces.resource/icons/xls.png.faces HTTP/1.1" 200 3518 
0:0:0:0:0:0:0:1 -  -  [11/Ago/2013:23:04:27 +0000] "GET /SteelBox4/javax.faces.resource/icons/pencil.png.faces?ln= HTTP/1.1" 200 450 
0:0:0:0:0:0:0:1 -  -  [11/Ago/2013:23:04:27 +0000] "GET /SteelBox4/javax.faces.resource/icons/csv.png.faces HTTP/1.1" 200 3310 
0:0:0:0:0:0:0:1 -  -  [11/Ago/2013:23:04:27 +0000] "GET /SteelBox4/javax.faces.resource/icons/xml.png.faces HTTP/1.1" 200 3732 
0:0:0:0:0:0:0:1 -  -  [11/Ago/2013:23:04:27 +0000] "GET /SteelBox4/javax.faces.resource/icons/find.png.faces?ln= HTTP/1.1" 200 659 
0:0:0:0:0:0:0:1 -  -  [11/Ago/2013:23:04:27 +0000] "GET /SteelBox4/javax.faces.resource/icons/eye.png.faces?ln= HTTP/1.1" 200 750 
0:0:0:0:0:0:0:1 -  -  [11/Ago/2013:23:04:28 +0000] "POST /SteelBox4/domain/roleSelect.faces HTTP/1.1" 302 0 
0:0:0:0:0:0:0:1 -  -  [11/Ago/2013:23:04:29 +0000] "GET /SteelBox4/home.faces HTTP/1.1" 200 5717 
0:0:0:0:0:0:0:1 -  -  [11/Ago/2013:23:04:29 +0000] "GET /SteelBox4/javax.faces.resource/theme.css.faces?ln=primefaces-bootstrap HTTP/1.1" 304 0 
0:0:0:0:0:0:0:1 -  -  [11/Ago/2013:23:04:29 +0000] "GET /SteelBox4/javax.faces.resource/primefaces.css.faces?ln=primefaces HTTP/1.1" 304 0 
0:0:0:0:0:0:0:1 -  -  [11/Ago/2013:23:04:29 +0000] "GET /SteelBox4/javax.faces.resource/css/bootstrap-responsive.css.faces HTTP/1.1" 200 16553 
0:0:0:0:0:0:0:1 -  -  [11/Ago/2013:23:04:29 +0000] "GET /SteelBox4/javax.faces.resource/css/bootstrap.css.faces HTTP/1.1" 200 7020 
0:0:0:0:0:0:0:1 -  -  [11/Ago/2013:23:04:29 +0000] "GET /SteelBox4/javax.faces.resource/primefaces.js.faces?ln=primefaces HTTP/1.1" 304 0 
0:0:0:0:0:0:0:1 -  -  [11/Ago/2013:23:04:29 +0000] "GET /SteelBox4/javax.faces.resource/layout/layout.css.faces?ln=primefaces HTTP/1.1" 304 0 
0:0:0:0:0:0:0:1 -  -  [11/Ago/2013:23:04:29 +0000] "GET /SteelBox4/javax.faces.resource/jquery/jquery.js.faces?ln=primefaces HTTP/1.1" 304 0 
0:0:0:0:0:0:0:1 -  -  [11/Ago/2013:23:04:29 +0000] "GET /SteelBox4/javax.faces.resource/layout/layout.js.faces?ln=primefaces HTTP/1.1" 304 0 
0:0:0:0:0:0:0:1 -  -  [11/Ago/2013:23:04:29 +0000] "GET /SteelBox4/javax.faces.resource/css/beoro.css.faces HTTP/1.1" 200 52091 
0:0:0:0:0:0:0:1 -  -  [11/Ago/2013:23:04:29 +0000] "GET /SteelBox4/javax.faces.resource/jquery/jquery-plugins.js.faces?ln=primefaces HTTP/1.1" 304 0 
0:0:0:0:0:0:0:1 -  -  [11/Ago/2013:23:04:29 +0000] "GET /SteelBox4/javax.faces.resource/js/main.js.faces HTTP/1.1" 200 3931 
0:0:0:0:0:0:0:1 -  -  [11/Ago/2013:23:04:29 +0000] "GET /SteelBox4/javax.faces.resource/shortcut.js.faces?ln=js HTTP/1.1" 200 5793 
0:0:0:0:0:0:0:1 -  -  [11/Ago/2013:23:04:29 +0000] "GET /SteelBox4/javax.faces.resource/locale-primefaces.js.faces?ln=js HTTP/1.1" 200 1511 
0:0:0:0:0:0:0:1 -  -  [11/Ago/2013:23:04:29 +0000] "GET /SteelBox4/javax.faces.resource/css/main.css.faces HTTP/1.1" 200 9296 
0:0:0:0:0:0:0:1 -  -  [11/Ago/2013:23:04:29 +0000] "GET /SteelBox4/javax.faces.resource/css/icsw2_16.css.faces HTTP/1.1" 200 13815 
0:0:0:0:0:0:0:1 -  -  [11/Ago/2013:23:04:29 +0000] "GET /SteelBox4/javax.faces.resource/jsf.js.faces?ln=javax.faces&stage=Development HTTP/1.1" 304 0 
0:0:0:0:0:0:0:1 -  -  [11/Ago/2013:23:04:29 +0000] "GET /SteelBox4/javax.faces.resource/images/ui-icons_333333_256x240.png.faces?ln=primefaces-bootstrap HTTP/1.1" 304 0 
0:0:0:0:0:0:0:1 -  -  [11/Ago/2013:23:04:29 +0000] "GET /SteelBox4/javax.faces.resource/img/sem_foto.gif.faces HTTP/1.1" 200 6603 
0:0:0:0:0:0:0:1 -  -  [11/Ago/2013:23:04:29 +0000] "GET /SteelBox4/javax.faces.resource/img/logo.png.faces HTTP/1.1" 200 6152 
0:0:0:0:0:0:0:1 -  -  [11/Ago/2013:23:04:29 +0000] "GET /SteelBox4/javax.faces.resource/img/icsw2_16.png.faces?ln= HTTP/1.1" 200 23662 
0:0:0:0:0:0:0:1 -  -  [11/Ago/2013:23:04:29 +0000] "GET /SteelBox4/javax.faces.resource/icons/environment/development.gif.faces?ln= HTTP/1.1" 200 1589 
0:0:0:0:0:0:0:1 -  -  [11/Ago/2013:23:04:31 +0000] "POST /SteelBox4/home.faces HTTP/1.1" 200 150 
0:0:0:0:0:0:0:1 -  -  [11/Ago/2013:23:04:31 +0000] "GET /SteelBox4/domain/accountSelect.faces?_cid=5c1 HTTP/1.1" 200 7413 
0:0:0:0:0:0:0:1 -  -  [11/Ago/2013:23:04:32 +0000] "GET /SteelBox4/javax.faces.resource/theme.css.faces?ln=primefaces-bootstrap HTTP/1.1" 304 0 
0:0:0:0:0:0:0:1 -  -  [11/Ago/2013:23:04:32 +0000] "GET /SteelBox4/javax.faces.resource/css/bootstrap-responsive.css.faces HTTP/1.1" 200 16553 
0:0:0:0:0:0:0:1 -  -  [11/Ago/2013:23:04:32 +0000] "GET /SteelBox4/javax.faces.resource/layout/layout.css.faces?ln=primefaces HTTP/1.1" 304 0 
0:0:0:0:0:0:0:1 -  -  [11/Ago/2013:23:04:32 +0000] "GET /SteelBox4/javax.faces.resource/jquery/jquery.js.faces?ln=primefaces HTTP/1.1" 304 0 
0:0:0:0:0:0:0:1 -  -  [11/Ago/2013:23:04:32 +0000] "GET /SteelBox4/javax.faces.resource/css/bootstrap.css.faces HTTP/1.1" 200 7020 
0:0:0:0:0:0:0:1 -  -  [11/Ago/2013:23:04:32 +0000] "GET /SteelBox4/javax.faces.resource/jquery/jquery-plugins.js.faces?ln=primefaces HTTP/1.1" 304 0 
0:0:0:0:0:0:0:1 -  -  [11/Ago/2013:23:04:32 +0000] "GET /SteelBox4/javax.faces.resource/primefaces.css.faces?ln=primefaces HTTP/1.1" 304 0 
0:0:0:0:0:0:0:1 -  -  [11/Ago/2013:23:04:32 +0000] "GET /SteelBox4/javax.faces.resource/css/beoro.css.faces HTTP/1.1" 200 52091 
0:0:0:0:0:0:0:1 -  -  [11/Ago/2013:23:04:32 +0000] "GET /SteelBox4/javax.faces.resource/primefaces.js.faces?ln=primefaces HTTP/1.1" 304 0 
0:0:0:0:0:0:0:1 -  -  [11/Ago/2013:23:04:32 +0000] "GET /SteelBox4/javax.faces.resource/css/main.css.faces HTTP/1.1" 200 9296 
0:0:0:0:0:0:0:1 -  -  [11/Ago/2013:23:04:32 +0000] "GET /SteelBox4/javax.faces.resource/layout/layout.js.faces?ln=primefaces HTTP/1.1" 304 0 
0:0:0:0:0:0:0:1 -  -  [11/Ago/2013:23:04:32 +0000] "GET /SteelBox4/javax.faces.resource/js/main.js.faces HTTP/1.1" 200 3931 
0:0:0:0:0:0:0:1 -  -  [11/Ago/2013:23:04:32 +0000] "GET /SteelBox4/javax.faces.resource/locale-primefaces.js.faces?ln=js HTTP/1.1" 200 1511 
0:0:0:0:0:0:0:1 -  -  [11/Ago/2013:23:04:32 +0000] "GET /SteelBox4/javax.faces.resource/shortcut.js.faces?ln=js HTTP/1.1" 200 5793 
0:0:0:0:0:0:0:1 -  -  [11/Ago/2013:23:04:32 +0000] "GET /SteelBox4/javax.faces.resource/css/icsw2_16.css.faces HTTP/1.1" 200 13815 
0:0:0:0:0:0:0:1 -  -  [11/Ago/2013:23:04:32 +0000] "GET /SteelBox4/javax.faces.resource/jsf.js.faces?ln=javax.faces&stage=Development HTTP/1.1" 304 0 
0:0:0:0:0:0:0:1 -  -  [11/Ago/2013:23:04:32 +0000] "GET /SteelBox4/javax.faces.resource/icons/environment/development.gif.faces?ln= HTTP/1.1" 200 1589 
0:0:0:0:0:0:0:1 -  -  [11/Ago/2013:23:04:32 +0000] "GET /SteelBox4/javax.faces.resource/img/sem_foto.gif.faces HTTP/1.1" 200 6603 
0:0:0:0:0:0:0:1 -  -  [11/Ago/2013:23:04:32 +0000] "GET /SteelBox4/javax.faces.resource/icons/ajaxloading.gif.faces HTTP/1.1" 200 1849 
0:0:0:0:0:0:0:1 -  -  [11/Ago/2013:23:04:32 +0000] "GET /SteelBox4/javax.faces.resource/img/logo.png.faces HTTP/1.1" 200 6152 
0:0:0:0:0:0:0:1 -  -  [11/Ago/2013:23:04:32 +0000] "GET /SteelBox4/javax.faces.resource/icons/tick.png.faces HTTP/1.1" 200 537 
0:0:0:0:0:0:0:1 -  -  [11/Ago/2013:23:04:32 +0000] "GET /SteelBox4/javax.faces.resource/images/ui-icons_333333_256x240.png.faces?ln=primefaces-bootstrap HTTP/1.1" 304 0 
0:0:0:0:0:0:0:1 -  -  [11/Ago/2013:23:04:32 +0000] "GET /SteelBox4/javax.faces.resource/icons/excel.png.faces?ln= HTTP/1.1" 200 601 
0:0:0:0:0:0:0:1 -  -  [11/Ago/2013:23:04:32 +0000] "GET /SteelBox4/javax.faces.resource/icons/pencil.png.faces?ln= HTTP/1.1" 200 450 
0:0:0:0:0:0:0:1 -  -  [11/Ago/2013:23:04:32 +0000] "GET /SteelBox4/javax.faces.resource/img/icsw2_16.png.faces?ln= HTTP/1.1" 200 23662 
0:0:0:0:0:0:0:1 -  -  [11/Ago/2013:23:04:32 +0000] "GET /SteelBox4/javax.faces.resource/icons/xls.png.faces HTTP/1.1" 200 3518 
0:0:0:0:0:0:0:1 -  -  [11/Ago/2013:23:04:32 +0000] "GET /SteelBox4/javax.faces.resource/icons/find.png.faces?ln= HTTP/1.1" 200 659 
0:0:0:0:0:0:0:1 -  -  [11/Ago/2013:23:04:32 +0000] "GET /SteelBox4/javax.faces.resource/icons/csv.png.faces HTTP/1.1" 200 3310 
0:0:0:0:0:0:0:1 -  -  [11/Ago/2013:23:04:32 +0000] "GET /SteelBox4/javax.faces.resource/icons/cross.png.faces?ln= HTTP/1.1" 200 655 
0:0:0:0:0:0:0:1 -  -  [11/Ago/2013:23:04:32 +0000] "GET /SteelBox4/javax.faces.resource/icons/xml.png.faces HTTP/1.1" 200 3732 
0:0:0:0:0:0:0:1 -  -  [11/Ago/2013:23:04:32 +0000] "GET /SteelBox4/javax.faces.resource/icons/eye.png.faces?ln= HTTP/1.1" 200 750 
0:0:0:0:0:0:0:1 -  -  [11/Ago/2013:23:04:32 +0000] "GET /SteelBox4/javax.faces.resource/icons/pdf.png.faces HTTP/1.1" 200 3197 
0:0:0:0:0:0:0:1 -  -  [11/Ago/2013:23:04:36 +0000] "POST /SteelBox4/domain/accountSelect.faces HTTP/1.1" 200 148 
0:0:0:0:0:0:0:1 -  -  [11/Ago/2013:23:04:36 +0000] "GET /SteelBox4/domain/accountEdit.faces?_cid=5c2 HTTP/1.1" 200 8324 
0:0:0:0:0:0:0:1 -  -  [11/Ago/2013:23:04:37 +0000] "GET /SteelBox4/javax.faces.resource/theme.css.faces?ln=primefaces-bootstrap HTTP/1.1" 304 0 
0:0:0:0:0:0:0:1 -  -  [11/Ago/2013:23:04:37 +0000] "GET /SteelBox4/javax.faces.resource/primefaces.css.faces?ln=primefaces HTTP/1.1" 304 0 
0:0:0:0:0:0:0:1 -  -  [11/Ago/2013:23:04:37 +0000] "GET /SteelBox4/javax.faces.resource/css/bootstrap.css.faces HTTP/1.1" 200 7020 
0:0:0:0:0:0:0:1 -  -  [11/Ago/2013:23:04:37 +0000] "GET /SteelBox4/javax.faces.resource/fileupload/fileupload.css.faces?ln=primefaces HTTP/1.1" 304 0 
0:0:0:0:0:0:0:1 -  -  [11/Ago/2013:23:04:37 +0000] "GET /SteelBox4/javax.faces.resource/jquery/jquery.js.faces?ln=primefaces HTTP/1.1" 304 0 
0:0:0:0:0:0:0:1 -  -  [11/Ago/2013:23:04:37 +0000] "GET /SteelBox4/javax.faces.resource/primefaces.js.faces?ln=primefaces HTTP/1.1" 304 0 
0:0:0:0:0:0:0:1 -  -  [11/Ago/2013:23:04:37 +0000] "GET /SteelBox4/javax.faces.resource/jquery/jquery-plugins.js.faces?ln=primefaces HTTP/1.1" 304 0 
0:0:0:0:0:0:0:1 -  -  [11/Ago/2013:23:04:37 +0000] "GET /SteelBox4/javax.faces.resource/css/bootstrap-responsive.css.faces HTTP/1.1" 200 16553 
0:0:0:0:0:0:0:1 -  -  [11/Ago/2013:23:04:37 +0000] "GET /SteelBox4/javax.faces.resource/css/beoro.css.faces HTTP/1.1" 200 52091 
0:0:0:0:0:0:0:1 -  -  [11/Ago/2013:23:04:37 +0000] "GET /SteelBox4/javax.faces.resource/fileupload/fileupload.js.faces?ln=primefaces HTTP/1.1" 304 0 
0:0:0:0:0:0:0:1 -  -  [11/Ago/2013:23:04:37 +0000] "GET /SteelBox4/javax.faces.resource/layout/layout.js.faces?ln=primefaces HTTP/1.1" 304 0 
0:0:0:0:0:0:0:1 -  -  [11/Ago/2013:23:04:37 +0000] "GET /SteelBox4/javax.faces.resource/locale-primefaces.js.faces?ln=js HTTP/1.1" 200 1511 
0:0:0:0:0:0:0:1 -  -  [11/Ago/2013:23:04:37 +0000] "GET /SteelBox4/javax.faces.resource/js/main.js.faces HTTP/1.1" 200 3931 
0:0:0:0:0:0:0:1 -  -  [11/Ago/2013:23:04:37 +0000] "GET /SteelBox4/javax.faces.resource/layout/layout.css.faces?ln=primefaces HTTP/1.1" 304 0 
0:0:0:0:0:0:0:1 -  -  [11/Ago/2013:23:04:37 +0000] "GET /SteelBox4/javax.faces.resource/shortcut.js.faces?ln=js HTTP/1.1" 200 5793 
0:0:0:0:0:0:0:1 -  -  [11/Ago/2013:23:04:37 +0000] "GET /SteelBox4/javax.faces.resource/css/main.css.faces HTTP/1.1" 200 9296 
0:0:0:0:0:0:0:1 -  -  [11/Ago/2013:23:04:37 +0000] "GET /SteelBox4/javax.faces.resource/css/icsw2_16.css.faces HTTP/1.1" 200 13815 
0:0:0:0:0:0:0:1 -  -  [11/Ago/2013:23:04:37 +0000] "GET /SteelBox4/javax.faces.resource/jsf.js.faces?ln=javax.faces&stage=Development HTTP/1.1" 304 0 
0:0:0:0:0:0:0:1 -  -  [11/Ago/2013:23:04:37 +0000] "GET /SteelBox4/javax.faces.resource/img/logo.png.faces HTTP/1.1" 200 6152 
0:0:0:0:0:0:0:1 -  -  [11/Ago/2013:23:04:37 +0000] "GET /SteelBox4/javax.faces.resource/img/sem_foto.gif.faces HTTP/1.1" 200 6603 
0:0:0:0:0:0:0:1 -  -  [11/Ago/2013:23:04:37 +0000] "GET /SteelBox4/javax.faces.resource/icons/pdf.png.faces HTTP/1.1" 200 3197 
0:0:0:0:0:0:0:1 -  -  [11/Ago/2013:23:04:37 +0000] "GET /SteelBox4/javax.faces.resource/icons/xls.png.faces HTTP/1.1" 200 3518 
0:0:0:0:0:0:0:1 -  -  [11/Ago/2013:23:04:37 +0000] "GET /SteelBox4/javax.faces.resource/icons/csv.png.faces HTTP/1.1" 200 3310 
0:0:0:0:0:0:0:1 -  -  [11/Ago/2013:23:04:37 +0000] "GET /SteelBox4/javax.faces.resource/images/ui-icons_333333_256x240.png.faces?ln=primefaces-bootstrap HTTP/1.1" 304 0 
0:0:0:0:0:0:0:1 -  -  [11/Ago/2013:23:04:37 +0000] "GET /SteelBox4/javax.faces.resource/icons/find.png.faces?ln= HTTP/1.1" 200 659 
0:0:0:0:0:0:0:1 -  -  [11/Ago/2013:23:04:37 +0000] "GET /SteelBox4/javax.faces.resource/img/icsw2_16.png.faces?ln= HTTP/1.1" 200 23662 
0:0:0:0:0:0:0:1 -  -  [11/Ago/2013:23:04:37 +0000] "GET /SteelBox4/javax.faces.resource/icons/environment/development.gif.faces?ln= HTTP/1.1" 200 1589 
0:0:0:0:0:0:0:1 -  -  [11/Ago/2013:23:04:37 +0000] "GET /SteelBox4/javax.faces.resource/icons/add.png.faces?ln= HTTP/1.1" 200 733 
0:0:0:0:0:0:0:1 -  -  [11/Ago/2013:23:04:37 +0000] "GET /SteelBox4/javax.faces.resource/icons/xml.png.faces HTTP/1.1" 200 3732 
0:0:0:0:0:0:0:1 -  -  [11/Ago/2013:23:04:37 +0000] "GET /SteelBox4/javax.faces.resource/icons/pencil.png.faces?ln= HTTP/1.1" 200 450 
0:0:0:0:0:0:0:1 -  -  [11/Ago/2013:23:04:37 +0000] "GET /SteelBox4/javax.faces.resource/icons/eye.png.faces?ln= HTTP/1.1" 200 750 
0:0:0:0:0:0:0:1 -  -  [11/Ago/2013:23:04:37 +0000] "GET /SteelBox4/javax.faces.resource/icons/cross.png.faces?ln= HTTP/1.1" 200 655 
0:0:0:0:0:0:0:1 -  -  [11/Ago/2013:23:04:40 +0000] "POST /SteelBox4/domain/accountEdit.faces HTTP/1.1" 200 190 
0:0:0:0:0:0:0:1 -  -  [11/Ago/2013:23:04:41 +0000] "POST /SteelBox4/domain/accountEdit.faces HTTP/1.1" 302 0 
0:0:0:0:0:0:0:1 -  -  [11/Ago/2013:23:04:41 +0000] "GET /SteelBox4/domain/accountSelect.faces?_cid=5c1 HTTP/1.1" 200 7437 
0:0:0:0:0:0:0:1 -  -  [11/Ago/2013:23:04:42 +0000] "GET /SteelBox4/javax.faces.resource/theme.css.faces?ln=primefaces-bootstrap HTTP/1.1" 304 0 
0:0:0:0:0:0:0:1 -  -  [11/Ago/2013:23:04:42 +0000] "GET /SteelBox4/javax.faces.resource/primefaces.css.faces?ln=primefaces HTTP/1.1" 304 0 
0:0:0:0:0:0:0:1 -  -  [11/Ago/2013:23:04:42 +0000] "GET /SteelBox4/javax.faces.resource/layout/layout.css.faces?ln=primefaces HTTP/1.1" 304 0 
0:0:0:0:0:0:0:1 -  -  [11/Ago/2013:23:04:42 +0000] "GET /SteelBox4/javax.faces.resource/css/bootstrap-responsive.css.faces HTTP/1.1" 200 16553 
0:0:0:0:0:0:0:1 -  -  [11/Ago/2013:23:04:42 +0000] "GET /SteelBox4/javax.faces.resource/css/bootstrap.css.faces HTTP/1.1" 200 7020 
0:0:0:0:0:0:0:1 -  -  [11/Ago/2013:23:04:42 +0000] "GET /SteelBox4/javax.faces.resource/css/beoro.css.faces HTTP/1.1" 200 52091 
0:0:0:0:0:0:0:1 -  -  [11/Ago/2013:23:04:42 +0000] "GET /SteelBox4/javax.faces.resource/layout/layout.js.faces?ln=primefaces HTTP/1.1" 304 0 
0:0:0:0:0:0:0:1 -  -  [11/Ago/2013:23:04:42 +0000] "GET /SteelBox4/javax.faces.resource/primefaces.js.faces?ln=primefaces HTTP/1.1" 304 0 
0:0:0:0:0:0:0:1 -  -  [11/Ago/2013:23:04:42 +0000] "GET /SteelBox4/javax.faces.resource/jquery/jquery.js.faces?ln=primefaces HTTP/1.1" 304 0 
0:0:0:0:0:0:0:1 -  -  [11/Ago/2013:23:04:42 +0000] "GET /SteelBox4/javax.faces.resource/locale-primefaces.js.faces?ln=js HTTP/1.1" 200 1511 
0:0:0:0:0:0:0:1 -  -  [11/Ago/2013:23:04:42 +0000] "GET /SteelBox4/javax.faces.resource/jquery/jquery-plugins.js.faces?ln=primefaces HTTP/1.1" 304 0 
0:0:0:0:0:0:0:1 -  -  [11/Ago/2013:23:04:42 +0000] "GET /SteelBox4/javax.faces.resource/shortcut.js.faces?ln=js HTTP/1.1" 200 5793 
0:0:0:0:0:0:0:1 -  -  [11/Ago/2013:23:04:42 +0000] "GET /SteelBox4/javax.faces.resource/js/main.js.faces HTTP/1.1" 200 3931 
0:0:0:0:0:0:0:1 -  -  [11/Ago/2013:23:04:42 +0000] "GET /SteelBox4/javax.faces.resource/css/main.css.faces HTTP/1.1" 200 9296 
0:0:0:0:0:0:0:1 -  -  [11/Ago/2013:23:04:42 +0000] "GET /SteelBox4/javax.faces.resource/css/icsw2_16.css.faces HTTP/1.1" 200 13815 
0:0:0:0:0:0:0:1 -  -  [11/Ago/2013:23:04:42 +0000] "GET /SteelBox4/javax.faces.resource/jsf.js.faces?ln=javax.faces&stage=Development HTTP/1.1" 304 0 
0:0:0:0:0:0:0:1 -  -  [11/Ago/2013:23:04:42 +0000] "GET /SteelBox4/javax.faces.resource/img/logo.png.faces HTTP/1.1" 200 6152 
0:0:0:0:0:0:0:1 -  -  [11/Ago/2013:23:04:42 +0000] "GET /SteelBox4/javax.faces.resource/icons/tick.png.faces HTTP/1.1" 200 537 
0:0:0:0:0:0:0:1 -  -  [11/Ago/2013:23:04:42 +0000] "GET /SteelBox4/javax.faces.resource/img/sem_foto.gif.faces HTTP/1.1" 200 6603 
0:0:0:0:0:0:0:1 -  -  [11/Ago/2013:23:04:42 +0000] "GET /SteelBox4/javax.faces.resource/icons/ajaxloading.gif.faces HTTP/1.1" 200 1849 
0:0:0:0:0:0:0:1 -  -  [11/Ago/2013:23:04:42 +0000] "GET /SteelBox4/javax.faces.resource/icons/xml.png.faces HTTP/1.1" 200 3732 
0:0:0:0:0:0:0:1 -  -  [11/Ago/2013:23:04:42 +0000] "GET /SteelBox4/javax.faces.resource/icons/pdf.png.faces HTTP/1.1" 200 3197 
0:0:0:0:0:0:0:1 -  -  [11/Ago/2013:23:04:42 +0000] "GET /SteelBox4/javax.faces.resource/icons/xls.png.faces HTTP/1.1" 200 3518 
0:0:0:0:0:0:0:1 -  -  [11/Ago/2013:23:04:42 +0000] "GET /SteelBox4/javax.faces.resource/icons/csv.png.faces HTTP/1.1" 200 3310 
0:0:0:0:0:0:0:1 -  -  [11/Ago/2013:23:04:42 +0000] "GET /SteelBox4/javax.faces.resource/images/ui-icons_333333_256x240.png.faces?ln=primefaces-bootstrap HTTP/1.1" 304 0 
0:0:0:0:0:0:0:1 -  -  [11/Ago/2013:23:04:42 +0000] "GET /SteelBox4/javax.faces.resource/icons/excel.png.faces?ln= HTTP/1.1" 200 601 
0:0:0:0:0:0:0:1 -  -  [11/Ago/2013:23:04:42 +0000] "GET /SteelBox4/javax.faces.resource/icons/pencil.png.faces?ln= HTTP/1.1" 200 450 
0:0:0:0:0:0:0:1 -  -  [11/Ago/2013:23:04:42 +0000] "GET /SteelBox4/javax.faces.resource/icons/environment/development.gif.faces?ln= HTTP/1.1" 200 1589 
0:0:0:0:0:0:0:1 -  -  [11/Ago/2013:23:04:42 +0000] "GET /SteelBox4/javax.faces.resource/img/icsw2_16.png.faces?ln= HTTP/1.1" 200 23662 
0:0:0:0:0:0:0:1 -  -  [11/Ago/2013:23:04:42 +0000] "GET /SteelBox4/javax.faces.resource/icons/find.png.faces?ln= HTTP/1.1" 200 659 
0:0:0:0:0:0:0:1 -  -  [11/Ago/2013:23:04:42 +0000] "GET /SteelBox4/javax.faces.resource/icons/eye.png.faces?ln= HTTP/1.1" 200 750 
0:0:0:0:0:0:0:1 -  -  [11/Ago/2013:23:04:42 +0000] "GET /SteelBox4/javax.faces.resource/icons/cross.png.faces?ln= HTTP/1.1" 200 655 
